#
# There is insufficient memory for the Java Runtime Environment to continue.
# Native memory allocation (malloc) failed to allocate 1834416 bytes. Error detail: Chunk::new
# Possible reasons:
#   The system is out of physical RAM or swap space
#   This process is running with CompressedOops enabled, and the Java Heap may be blocking the growth of the native heap
# Possible solutions:
#   Reduce memory load on the system
#   Increase physical memory or swap space
#   Check if swap backing store is full
#   Decrease Java heap size (-Xmx/-Xms)
#   Decrease number of Java threads
#   Decrease Java thread stack sizes (-Xss)
#   Set larger code cache with -XX:ReservedCodeCacheSize=
#   JVM is running with Unscaled Compressed Oops mode in which the Java heap is
#     placed in the first 4GB address space. The Java Heap base address is the
#     maximum limit for the native heap growth. Please use -XX:HeapBaseMinAddress
#     to set the Java Heap base and to place the Java Heap above 4GB virtual address.
# This output file may be truncated or incomplete.
#
#  Out of Memory Error (arena.cpp:168), pid=160112, tid=175488
#
# JRE version: OpenJDK Runtime Environment Temurin-21.0.7+6 (21.0.7+6) (build 21.0.7+6-LTS)
# Java VM: OpenJDK 64-Bit Server VM Temurin-21.0.7+6 (21.0.7+6-LTS, mixed mode, sharing, tiered, compressed oops, compressed class ptrs, parallel gc, windows-amd64)
# No core dump will be written. Minidumps are not enabled by default on client versions of Windows
#

---------------  S U M M A R Y ------------

Command Line: -Dfile.encoding=UTF-8 --add-modules=ALL-SYSTEM --add-opens=java.base/java.util=ALL-UNNAMED --add-opens=java.base/java.lang=ALL-UNNAMED --add-opens=java.base/sun.nio.fs=ALL-UNNAMED -Declipse.application=org.eclipse.jdt.ls.core.id1 -Dosgi.bundles.defaultStartLevel=4 -Declipse.product=org.eclipse.jdt.ls.core.product -Djava.import.generatesMetadataFilesAtProjectRoot=false -DDetectVMInstallationsJob.disabled=true -Dfile.encoding=utf8 -XX:+UseParallelGC -XX:GCTimeRatio=4 -XX:AdaptiveSizePolicyWeight=90 -Dsun.zip.disableMemoryMapping=true -Xmx1G -Xms100m -Xlog:disable -javaagent:c:\Users\86158\.vscode\extensions\redhat.java-1.42.0-win32-x64\lombok\lombok-1.18.36.jar -XX:+HeapDumpOnOutOfMemoryError -XX:HeapDumpPath=c:\Users\86158\AppData\Roaming\Code\User\workspaceStorage\a3e28cb7173b86e8b83b92aefa018547\redhat.java -Daether.dependencyCollector.impl=bf c:\Users\86158\.vscode\extensions\redhat.java-1.42.0-win32-x64\server\plugins\org.eclipse.equinox.launcher_1.7.0.v20250424-1814.jar -configuration c:\Users\86158\AppData\Roaming\Code\User\globalStorage\redhat.java\1.42.0\config_win -data c:\Users\86158\AppData\Roaming\Code\User\workspaceStorage\a3e28cb7173b86e8b83b92aefa018547\redhat.java\jdt_ws --pipe=\\.\pipe\lsp-744451c5e67b5fd9c7964642bfe3d68c-sock

Host: AMD Ryzen 7 6800H with Radeon Graphics         , 16 cores, 13G,  Windows 11 , 64 bit Build 22621 (10.0.22621.5413)
Time: Sun Jun  8 06:47:11 2025  Windows 11 , 64 bit Build 22621 (10.0.22621.5413) elapsed time: 14.817334 seconds (0d 0h 0m 14s)

---------------  T H R E A D  ---------------

Current thread (0x0000024efe09e060):  JavaThread "C2 CompilerThread0" daemon [_thread_in_native, id=175488, stack(0x00000076ea700000,0x00000076ea800000) (1024K)]


Current CompileTask:
C2:14817 8608   !   4       org.eclipse.jdt.internal.core.search.indexing.BinaryIndexer::indexDocument (1168 bytes)

Stack: [0x00000076ea700000,0x00000076ea800000]
Native frames: (J=compiled Java code, j=interpreted, Vv=VM code, C=native code)
V  [jvm.dll+0x6ce119]
V  [jvm.dll+0x8a84a1]
V  [jvm.dll+0x8aa9ce]
V  [jvm.dll+0x8ab0b3]
V  [jvm.dll+0x27f8a6]
V  [jvm.dll+0xc507d]
V  [jvm.dll+0xc55b3]
V  [jvm.dll+0x3b68f2]
V  [jvm.dll+0x382aa5]
V  [jvm.dll+0x381f0a]
V  [jvm.dll+0x247af0]
V  [jvm.dll+0x2470cf]
V  [jvm.dll+0x1c760e]
V  [jvm.dll+0x25695a]
V  [jvm.dll+0x254efa]
V  [jvm.dll+0x3f03f6]
V  [jvm.dll+0x851f6b]
V  [jvm.dll+0x6cc7dd]
C  [ucrtbase.dll+0x29333]
C  [KERNEL32.DLL+0x1259d]
C  [ntdll.dll+0x5af78]


---------------  P R O C E S S  ---------------

Threads class SMR info:
_java_thread_list=0x0000024ec611a990, length=51, elements={
0x0000024ee64bdcc0, 0x0000024efcbacc40, 0x0000024efcbae1f0, 0x0000024efe097160,
0x0000024efe098070, 0x0000024efe098f80, 0x0000024efe09d230, 0x0000024efe09e060,
0x0000024efe0b1bb0, 0x0000024efe1904c0, 0x0000024efe195dd0, 0x0000024ec50073d0,
0x0000024ec54efe30, 0x0000024ec55f8470, 0x0000024ec53f7710, 0x0000024ec53f8550,
0x0000024ec5b7e370, 0x0000024ec593ffb0, 0x0000024ec5b21180, 0x0000024ec5b21810,
0x0000024ec5b22bc0, 0x0000024ec5b21ea0, 0x0000024ec5b23250, 0x0000024ec5b238e0,
0x0000024ec5b20af0, 0x0000024ec5b20460, 0x0000024ec5631cd0, 0x0000024ec5635e70,
0x0000024ec5636500, 0x0000024ec5635150, 0x0000024ec5633080, 0x0000024ec5632360,
0x0000024ec5636b90, 0x0000024ec56329f0, 0x0000024ec56357e0, 0x0000024ec56392f0,
0x0000024ec5633710, 0x0000024ec5637220, 0x0000024ec56378b0, 0x0000024ec5637f40,
0x0000024ec56385d0, 0x0000024ec5638c60, 0x0000024ec5633da0, 0x0000024ec5634430,
0x0000024ec5634ac0, 0x0000024ec668cce0, 0x0000024ec668b930, 0x0000024ec668da00,
0x0000024ec668e720, 0x0000024ec668fad0, 0x0000024ec668edb0
}

Java Threads: ( => current thread )
  0x0000024ee64bdcc0 JavaThread "main"                              [_thread_blocked, id=192004, stack(0x00000076e9d00000,0x00000076e9e00000) (1024K)]
  0x0000024efcbacc40 JavaThread "Reference Handler"          daemon [_thread_blocked, id=181748, stack(0x00000076ea100000,0x00000076ea200000) (1024K)]
  0x0000024efcbae1f0 JavaThread "Finalizer"                  daemon [_thread_blocked, id=152516, stack(0x00000076ea200000,0x00000076ea300000) (1024K)]
  0x0000024efe097160 JavaThread "Signal Dispatcher"          daemon [_thread_blocked, id=174572, stack(0x00000076ea300000,0x00000076ea400000) (1024K)]
  0x0000024efe098070 JavaThread "Attach Listener"            daemon [_thread_blocked, id=176984, stack(0x00000076ea400000,0x00000076ea500000) (1024K)]
  0x0000024efe098f80 JavaThread "Service Thread"             daemon [_thread_blocked, id=193360, stack(0x00000076ea500000,0x00000076ea600000) (1024K)]
  0x0000024efe09d230 JavaThread "Monitor Deflation Thread"   daemon [_thread_blocked, id=177464, stack(0x00000076ea600000,0x00000076ea700000) (1024K)]
=>0x0000024efe09e060 JavaThread "C2 CompilerThread0"         daemon [_thread_in_native, id=175488, stack(0x00000076ea700000,0x00000076ea800000) (1024K)]
  0x0000024efe0b1bb0 JavaThread "C1 CompilerThread0"         daemon [_thread_blocked, id=189848, stack(0x00000076ea800000,0x00000076ea900000) (1024K)]
  0x0000024efe1904c0 JavaThread "Common-Cleaner"             daemon [_thread_blocked, id=174356, stack(0x00000076ea900000,0x00000076eaa00000) (1024K)]
  0x0000024efe195dd0 JavaThread "C1 CompilerThread1"         daemon [_thread_blocked, id=191472, stack(0x00000076eaa00000,0x00000076eab00000) (1024K)]
  0x0000024ec50073d0 JavaThread "Notification Thread"        daemon [_thread_blocked, id=195140, stack(0x00000076eab00000,0x00000076eac00000) (1024K)]
  0x0000024ec54efe30 JavaThread "Active Thread: Equinox Container: d8349d2f-d197-46f7-98c6-82cc0c5dd941"        [_thread_blocked, id=150916, stack(0x00000076eb200000,0x00000076eb300000) (1024K)]
  0x0000024ec55f8470 JavaThread "Refresh Thread: Equinox Container: d8349d2f-d197-46f7-98c6-82cc0c5dd941" daemon [_thread_blocked, id=192840, stack(0x00000076eb400000,0x00000076eb500000) (1024K)]
  0x0000024ec53f7710 JavaThread "Framework Event Dispatcher: Equinox Container: d8349d2f-d197-46f7-98c6-82cc0c5dd941" daemon [_thread_blocked, id=157744, stack(0x00000076eb500000,0x00000076eb600000) (1024K)]
  0x0000024ec53f8550 JavaThread "Start Level: Equinox Container: d8349d2f-d197-46f7-98c6-82cc0c5dd941" daemon [_thread_blocked, id=157792, stack(0x00000076eb600000,0x00000076eb700000) (1024K)]
  0x0000024ec5b7e370 JavaThread "Bundle File Closer"         daemon [_thread_blocked, id=149208, stack(0x00000076eba00000,0x00000076ebb00000) (1024K)]
  0x0000024ec593ffb0 JavaThread "SCR Component Actor"        daemon [_thread_blocked, id=195280, stack(0x00000076ebb00000,0x00000076ebc00000) (1024K)]
  0x0000024ec5b21180 JavaThread "Worker-JM"                         [_thread_blocked, id=190752, stack(0x00000076ec000000,0x00000076ec100000) (1024K)]
  0x0000024ec5b21810 JavaThread "JNA Cleaner"                daemon [_thread_blocked, id=197592, stack(0x00000076ec200000,0x00000076ec300000) (1024K)]
  0x0000024ec5b22bc0 JavaThread "Worker-0"                          [_thread_blocked, id=139728, stack(0x00000076ec300000,0x00000076ec400000) (1024K)]
  0x0000024ec5b21ea0 JavaThread "Worker-1: Java indexing... "        [_thread_blocked, id=191688, stack(0x00000076ec400000,0x00000076ec500000) (1024K)]
  0x0000024ec5b23250 JavaThread "Worker-2"                          [_thread_blocked, id=195440, stack(0x00000076ebe00000,0x00000076ebf00000) (1024K)]
  0x0000024ec5b238e0 JavaThread "Java indexing"              daemon [_thread_in_vm, id=179460, stack(0x00000076ec500000,0x00000076ec600000) (1024K)]
  0x0000024ec5b20af0 JavaThread "Worker-3"                          [_thread_blocked, id=187984, stack(0x00000076ec600000,0x00000076ec700000) (1024K)]
  0x0000024ec5b20460 JavaThread "Worker-4: Check JDK Index"         [_thread_blocked, id=195644, stack(0x00000076ec700000,0x00000076ec800000) (1024K)]
  0x0000024ec5631cd0 JavaThread "Worker-5"                          [_thread_blocked, id=192544, stack(0x00000076ec800000,0x00000076ec900000) (1024K)]
  0x0000024ec5635e70 JavaThread "Thread-2"                   daemon [_thread_in_native, id=170532, stack(0x00000076ec900000,0x00000076eca00000) (1024K)]
  0x0000024ec5636500 JavaThread "Thread-3"                   daemon [_thread_in_native, id=191040, stack(0x00000076eca00000,0x00000076ecb00000) (1024K)]
  0x0000024ec5635150 JavaThread "Thread-4"                   daemon [_thread_in_native, id=196820, stack(0x00000076ecb00000,0x00000076ecc00000) (1024K)]
  0x0000024ec5633080 JavaThread "Thread-5"                   daemon [_thread_in_native, id=186904, stack(0x00000076ecc00000,0x00000076ecd00000) (1024K)]
  0x0000024ec5632360 JavaThread "Thread-6"                   daemon [_thread_in_native, id=156792, stack(0x00000076ecd00000,0x00000076ece00000) (1024K)]
  0x0000024ec5636b90 JavaThread "Thread-7"                   daemon [_thread_in_native, id=47024, stack(0x00000076ece00000,0x00000076ecf00000) (1024K)]
  0x0000024ec56329f0 JavaThread "Thread-8"                   daemon [_thread_in_native, id=197492, stack(0x00000076ecf00000,0x00000076ed000000) (1024K)]
  0x0000024ec56357e0 JavaThread "Thread-9"                   daemon [_thread_in_native, id=261788, stack(0x00000076ed000000,0x00000076ed100000) (1024K)]
  0x0000024ec56392f0 JavaThread "Thread-10"                  daemon [_thread_in_native, id=196216, stack(0x00000076ed100000,0x00000076ed200000) (1024K)]
  0x0000024ec5633710 JavaThread "Thread-11"                  daemon [_thread_in_native, id=153100, stack(0x00000076ed200000,0x00000076ed300000) (1024K)]
  0x0000024ec5637220 JavaThread "Thread-12"                  daemon [_thread_in_native, id=192940, stack(0x00000076ed300000,0x00000076ed400000) (1024K)]
  0x0000024ec56378b0 JavaThread "Thread-13"                  daemon [_thread_in_native, id=194440, stack(0x00000076ed400000,0x00000076ed500000) (1024K)]
  0x0000024ec5637f40 JavaThread "Thread-14"                  daemon [_thread_in_native, id=192900, stack(0x00000076ed500000,0x00000076ed600000) (1024K)]
  0x0000024ec56385d0 JavaThread "Thread-15"                  daemon [_thread_in_native, id=187540, stack(0x00000076ed600000,0x00000076ed700000) (1024K)]
  0x0000024ec5638c60 JavaThread "Thread-16"                  daemon [_thread_in_native, id=172040, stack(0x00000076ed700000,0x00000076ed800000) (1024K)]
  0x0000024ec5633da0 JavaThread "Thread-17"                  daemon [_thread_in_native, id=149804, stack(0x00000076ed800000,0x00000076ed900000) (1024K)]
  0x0000024ec5634430 JavaThread "Thread-18"                  daemon [_thread_in_native, id=180924, stack(0x00000076ed900000,0x00000076eda00000) (1024K)]
  0x0000024ec5634ac0 JavaThread "pool-2-thread-1"                   [_thread_blocked, id=192092, stack(0x00000076eda00000,0x00000076edb00000) (1024K)]
  0x0000024ec668cce0 JavaThread "WorkspaceEventsHandler"            [_thread_blocked, id=183416, stack(0x00000076edb00000,0x00000076edc00000) (1024K)]
  0x0000024ec668b930 JavaThread "pool-1-thread-1"                   [_thread_blocked, id=171252, stack(0x00000076edc00000,0x00000076edd00000) (1024K)]
  0x0000024ec668da00 JavaThread "Timer-0"                           [_thread_blocked, id=194660, stack(0x00000076edd00000,0x00000076ede00000) (1024K)]
  0x0000024ec668e720 JavaThread "Exec process"                      [_thread_blocked, id=197472, stack(0x00000076ebc00000,0x00000076ebd00000) (1024K)]
  0x0000024ec668fad0 JavaThread "Exec process Thread 2"             [_thread_blocked, id=196524, stack(0x00000076edf00000,0x00000076ee000000) (1024K)]
  0x0000024ec668edb0 JavaThread "Exec process Thread 3"             [_thread_blocked, id=195732, stack(0x00000076ee000000,0x00000076ee100000) (1024K)]
Total: 51

Other Threads:
  0x0000024efe094ba0 VMThread "VM Thread"                           [id=171600, stack(0x00000076ea000000,0x00000076ea100000) (1024K)]
  0x0000024ee64b00c0 WatcherThread "VM Periodic Task Thread"        [id=190260, stack(0x00000076e9f00000,0x00000076ea000000) (1024K)]
  0x0000024ee88013f0 WorkerThread "GC Thread#0"                     [id=189336, stack(0x00000076e9e00000,0x00000076e9f00000) (1024K)]
  0x0000024ec5067a10 WorkerThread "GC Thread#1"                     [id=134000, stack(0x00000076eac00000,0x00000076ead00000) (1024K)]
  0x0000024ec528c7c0 WorkerThread "GC Thread#2"                     [id=194320, stack(0x00000076ead00000,0x00000076eae00000) (1024K)]
  0x0000024ec528cb60 WorkerThread "GC Thread#3"                     [id=173196, stack(0x00000076eae00000,0x00000076eaf00000) (1024K)]
  0x0000024ec51fbcb0 WorkerThread "GC Thread#4"                     [id=160676, stack(0x00000076eaf00000,0x00000076eb000000) (1024K)]
  0x0000024ec51fc450 WorkerThread "GC Thread#5"                     [id=259000, stack(0x00000076eb000000,0x00000076eb100000) (1024K)]
  0x0000024ec51fc7f0 WorkerThread "GC Thread#6"                     [id=140148, stack(0x00000076eb100000,0x00000076eb200000) (1024K)]
  0x0000024ec571cbe0 WorkerThread "GC Thread#7"                     [id=173424, stack(0x00000076eb300000,0x00000076eb400000) (1024K)]
  0x0000024ec57148f0 WorkerThread "GC Thread#8"                     [id=185416, stack(0x00000076eb700000,0x00000076eb800000) (1024K)]
  0x0000024ec5714550 WorkerThread "GC Thread#9"                     [id=188784, stack(0x00000076eb800000,0x00000076eb900000) (1024K)]
  0x0000024ec5714c90 WorkerThread "GC Thread#10"                    [id=188528, stack(0x00000076eb900000,0x00000076eba00000) (1024K)]
  0x0000024ec57153d0 WorkerThread "GC Thread#11"                    [id=194360, stack(0x00000076ebd00000,0x00000076ebe00000) (1024K)]
  0x0000024ec5713e10 WorkerThread "GC Thread#12"                    [id=151196, stack(0x00000076ec100000,0x00000076ec200000) (1024K)]
Total: 15

Threads with active compile tasks:
C2 CompilerThread0  14898 8608   !   4       org.eclipse.jdt.internal.core.search.indexing.BinaryIndexer::indexDocument (1168 bytes)
Total: 1

VM state: not at safepoint (normal execution)

VM Mutex/Monitor currently owned by a thread: None

Heap address: 0x00000000c0000000, size: 1024 MB, Compressed Oops mode: 32-bit

CDS archive(s) mapped at: [0x0000024e80000000-0x0000024e80ba0000-0x0000024e80ba0000), size 12189696, SharedBaseAddress: 0x0000024e80000000, ArchiveRelocationMode: 1.
Compressed class space mapped at: 0x0000024e81000000-0x0000024ec1000000, reserved size: 1073741824
Narrow klass base: 0x0000024e80000000, Narrow klass shift: 0, Narrow klass range: 0x100000000

GC Precious Log:
 CardTable entry size: 512
 CPUs: 16 total, 16 available
 Memory: 14020M
 Large Page Support: Disabled
 NUMA Support: Disabled
 Compressed Oops: Enabled (32-bit)
 Alignments: Space 512K, Generation 512K, Heap 2M
 Heap Min Capacity: 100M
 Heap Initial Capacity: 100M
 Heap Max Capacity: 1G
 Pre-touch: Disabled
 Parallel Workers: 13

Heap:
 PSYoungGen      total 3584K, used 2681K [0x00000000eab00000, 0x00000000eaf80000, 0x0000000100000000)
  eden space 2560K, 75% used [0x00000000eab00000,0x00000000eace0ec8,0x00000000ead80000)
  from space 1024K, 78% used [0x00000000ead80000,0x00000000eae4a110,0x00000000eae80000)
  to   space 1024K, 0% used [0x00000000eae80000,0x00000000eae80000,0x00000000eaf80000)
 ParOldGen       total 182784K, used 182527K [0x00000000c0000000, 0x00000000cb280000, 0x00000000eab00000)
  object space 182784K, 99% used [0x00000000c0000000,0x00000000cb23fe68,0x00000000cb280000)
 Metaspace       used 60635K, committed 62016K, reserved 1114112K
  class space    used 6875K, committed 7488K, reserved 1048576K

Card table byte_map: [0x0000024ee8190000,0x0000024ee83a0000] _byte_map_base: 0x0000024ee7b90000

Marking Bits: (ParMarkBitMap*) 0x00007ff930dd31f0
 Begin Bits: [0x0000024efa9c0000, 0x0000024efb9c0000)
 End Bits:   [0x0000024efb9c0000, 0x0000024efc9c0000)

Polling page: 0x0000024ee6760000

Metaspace:

Usage:
  Non-class:     52.50 MB used.
      Class:      6.71 MB used.
       Both:     59.21 MB used.

Virtual space:
  Non-class space:       64.00 MB reserved,      53.25 MB ( 83%) committed,  1 nodes.
      Class space:        1.00 GB reserved,       7.31 MB ( <1%) committed,  1 nodes.
             Both:        1.06 GB reserved,      60.56 MB (  6%) committed. 

Chunk freelists:
   Non-Class:  10.59 MB
       Class:  8.58 MB
        Both:  19.17 MB

MaxMetaspaceSize: unlimited
CompressedClassSpaceSize: 1.00 GB
Initial GC threshold: 21.00 MB
Current GC threshold: 97.31 MB
CDS: on
 - commit_granule_bytes: 65536.
 - commit_granule_words: 8192.
 - virtual_space_node_default_size: 8388608.
 - enlarge_chunks_in_place: 1.
 - use_allocation_guard: 0.


Internal statistics:

num_allocs_failed_limit: 13.
num_arena_births: 1044.
num_arena_deaths: 14.
num_vsnodes_births: 2.
num_vsnodes_deaths: 0.
num_space_committed: 968.
num_space_uncommitted: 0.
num_chunks_returned_to_freelist: 27.
num_chunks_taken_from_freelist: 3704.
num_chunk_merges: 17.
num_chunk_splits: 2394.
num_chunks_enlarged: 1486.
num_inconsistent_stats: 0.

CodeHeap 'non-profiled nmethods': size=119168Kb used=3216Kb max_used=3216Kb free=115951Kb
 bounds [0x0000024ef3560000, 0x0000024ef3890000, 0x0000024efa9c0000]
CodeHeap 'profiled nmethods': size=119104Kb used=15571Kb max_used=15571Kb free=103532Kb
 bounds [0x0000024eeb9c0000, 0x0000024eec900000, 0x0000024ef2e10000]
CodeHeap 'non-nmethods': size=7488Kb used=1978Kb max_used=2594Kb free=5509Kb
 bounds [0x0000024ef2e10000, 0x0000024ef30b0000, 0x0000024ef3560000]
 total_blobs=8391 nmethods=7665 adapters=631
 compilation: enabled
              stopped_count=0, restarted_count=0
 full_count=0

Compilation events (20 events):
Event: 13.977 Thread 0x0000024ec5e74e70 8594       2       java.lang.Long::equals (30 bytes)
Event: 13.977 Thread 0x0000024ec5e74e70 nmethod 8594 0x0000024eec8e7890 code [0x0000024eec8e7a40, 0x0000024eec8e7c20]
Event: 14.111 Thread 0x0000024ec5e74e70 8595       3       org.eclipse.jdt.core.Signature::createCharArrayTypeSignature (102 bytes)
Event: 14.112 Thread 0x0000024ec5e74e70 nmethod 8595 0x0000024eec8e7d10 code [0x0000024eec8e7fa0, 0x0000024eec8e8b30]
Event: 14.152 Thread 0x0000024ec5e74e70 8596       3       org.eclipse.jdt.internal.core.search.indexing.AbstractIndexer::addInterfaceDeclaration (86 bytes)
Event: 14.153 Thread 0x0000024ec5e74e70 nmethod 8596 0x0000024eec8e9010 code [0x0000024eec8e9300, 0x0000024eec8ea540]
Event: 14.235 Thread 0x0000024efe195dd0 8597   !   3       org.eclipse.jdt.core.Signature::getTypeParameters (313 bytes)
Event: 14.236 Thread 0x0000024efe195dd0 nmethod 8597 0x0000024eec8ead90 code [0x0000024eec8eb0e0, 0x0000024eec8ec718]
Event: 14.407 Thread 0x0000024efe09e060 nmethod 8199 0x0000024ef386eb90 code [0x0000024ef386f840, 0x0000024ef3878cb0]
Event: 14.409 Thread 0x0000024efe09e060 8588       4       org.eclipse.core.internal.watson.ElementTreeIterator::doIteration (114 bytes)
Event: 14.416 Thread 0x0000024efe09e060 nmethod 8588 0x0000024ef3880510 code [0x0000024ef3880720, 0x0000024ef3880cd8]
Event: 14.417 Thread 0x0000024efe09e060 8467   !   4       lombok.patcher.ScriptManager$OurClassFileTransformer::transform (364 bytes)
Event: 14.422 Thread 0x0000024efe195dd0 8607 % !   2       org.eclipse.jdt.internal.core.search.indexing.BinaryIndexer::indexDocument @ 952 (1168 bytes)
Event: 14.428 Thread 0x0000024efe195dd0 nmethod 8607% 0x0000024eec8ed190 code [0x0000024eec8ed8a0, 0x0000024eec8f0970]
Event: 14.465 Thread 0x0000024efe09e060 nmethod 8467 0x0000024ef3881210 code [0x0000024ef3881540, 0x0000024ef3882de8]
Event: 14.465 Thread 0x0000024efe09e060 8608   !   4       org.eclipse.jdt.internal.core.search.indexing.BinaryIndexer::indexDocument (1168 bytes)
Event: 14.639 Thread 0x0000024efe195dd0 8610       3       org.eclipse.jdt.internal.compiler.classfmt.ClassFileReader::getInnerSourceName (17 bytes)
Event: 14.640 Thread 0x0000024efe195dd0 nmethod 8610 0x0000024eec8f4090 code [0x0000024eec8f4240, 0x0000024eec8f43f0]
Event: 14.776 Thread 0x0000024efe0b1bb0 8612       2       org.eclipse.jdt.internal.core.search.indexing.AbstractIndexer::addEnumDeclaration (114 bytes)
Event: 14.777 Thread 0x0000024efe0b1bb0 nmethod 8612 0x0000024eec8f4510 code [0x0000024eec8f47a0, 0x0000024eec8f4f58]

GC Heap History (20 events):
Event: 14.577 GC heap before
{Heap before GC invocations=171 (full 3):
 PSYoungGen      total 3584K, used 3360K [0x00000000eab00000, 0x00000000eaf80000, 0x0000000100000000)
  eden space 2560K, 100% used [0x00000000eab00000,0x00000000ead80000,0x00000000ead80000)
  from space 1024K, 78% used [0x00000000ead80000,0x00000000eae48170,0x00000000eae80000)
  to   space 1024K, 0% used [0x00000000eae80000,0x00000000eae80000,0x00000000eaf80000)
 ParOldGen       total 174592K, used 174520K [0x00000000c0000000, 0x00000000caa80000, 0x00000000eab00000)
  object space 174592K, 99% used [0x00000000c0000000,0x00000000caa6e1c0,0x00000000caa80000)
 Metaspace       used 60635K, committed 62016K, reserved 1114112K
  class space    used 6875K, committed 7488K, reserved 1048576K
}
Event: 14.578 GC heap after
{Heap after GC invocations=171 (full 3):
 PSYoungGen      total 3584K, used 789K [0x00000000eab00000, 0x00000000eaf80000, 0x0000000100000000)
  eden space 2560K, 0% used [0x00000000eab00000,0x00000000eab00000,0x00000000ead80000)
  from space 1024K, 77% used [0x00000000eae80000,0x00000000eaf45558,0x00000000eaf80000)
  to   space 1024K, 0% used [0x00000000ead80000,0x00000000ead80000,0x00000000eae80000)
 ParOldGen       total 175616K, used 175181K [0x00000000c0000000, 0x00000000cab80000, 0x00000000eab00000)
  object space 175616K, 99% used [0x00000000c0000000,0x00000000cab134d8,0x00000000cab80000)
 Metaspace       used 60635K, committed 62016K, reserved 1114112K
  class space    used 6875K, committed 7488K, reserved 1048576K
}
Event: 14.597 GC heap before
{Heap before GC invocations=172 (full 3):
 PSYoungGen      total 3584K, used 3349K [0x00000000eab00000, 0x00000000eaf80000, 0x0000000100000000)
  eden space 2560K, 100% used [0x00000000eab00000,0x00000000ead80000,0x00000000ead80000)
  from space 1024K, 77% used [0x00000000eae80000,0x00000000eaf45558,0x00000000eaf80000)
  to   space 1024K, 0% used [0x00000000ead80000,0x00000000ead80000,0x00000000eae80000)
 ParOldGen       total 175616K, used 175181K [0x00000000c0000000, 0x00000000cab80000, 0x00000000eab00000)
  object space 175616K, 99% used [0x00000000c0000000,0x00000000cab134d8,0x00000000cab80000)
 Metaspace       used 60635K, committed 62016K, reserved 1114112K
  class space    used 6875K, committed 7488K, reserved 1048576K
}
Event: 14.599 GC heap after
{Heap after GC invocations=172 (full 3):
 PSYoungGen      total 3584K, used 875K [0x00000000eab00000, 0x00000000eaf80000, 0x0000000100000000)
  eden space 2560K, 0% used [0x00000000eab00000,0x00000000eab00000,0x00000000ead80000)
  from space 1024K, 85% used [0x00000000ead80000,0x00000000eae5ad88,0x00000000eae80000)
  to   space 1024K, 0% used [0x00000000eae80000,0x00000000eae80000,0x00000000eaf80000)
 ParOldGen       total 176128K, used 175823K [0x00000000c0000000, 0x00000000cac00000, 0x00000000eab00000)
  object space 176128K, 99% used [0x00000000c0000000,0x00000000cabb3e88,0x00000000cac00000)
 Metaspace       used 60635K, committed 62016K, reserved 1114112K
  class space    used 6875K, committed 7488K, reserved 1048576K
}
Event: 14.617 GC heap before
{Heap before GC invocations=173 (full 3):
 PSYoungGen      total 3584K, used 3435K [0x00000000eab00000, 0x00000000eaf80000, 0x0000000100000000)
  eden space 2560K, 99% used [0x00000000eab00000,0x00000000ead7fff0,0x00000000ead80000)
  from space 1024K, 85% used [0x00000000ead80000,0x00000000eae5ad88,0x00000000eae80000)
  to   space 1024K, 0% used [0x00000000eae80000,0x00000000eae80000,0x00000000eaf80000)
 ParOldGen       total 176128K, used 175823K [0x00000000c0000000, 0x00000000cac00000, 0x00000000eab00000)
  object space 176128K, 99% used [0x00000000c0000000,0x00000000cabb3e88,0x00000000cac00000)
 Metaspace       used 60635K, committed 62016K, reserved 1114112K
  class space    used 6875K, committed 7488K, reserved 1048576K
}
Event: 14.619 GC heap after
{Heap after GC invocations=173 (full 3):
 PSYoungGen      total 3584K, used 931K [0x00000000eab00000, 0x00000000eaf80000, 0x0000000100000000)
  eden space 2560K, 0% used [0x00000000eab00000,0x00000000eab00000,0x00000000ead80000)
  from space 1024K, 91% used [0x00000000eae80000,0x00000000eaf68fe0,0x00000000eaf80000)
  to   space 1024K, 0% used [0x00000000ead80000,0x00000000ead80000,0x00000000eae80000)
 ParOldGen       total 176640K, used 176536K [0x00000000c0000000, 0x00000000cac80000, 0x00000000eab00000)
  object space 176640K, 99% used [0x00000000c0000000,0x00000000cac662a8,0x00000000cac80000)
 Metaspace       used 60635K, committed 62016K, reserved 1114112K
  class space    used 6875K, committed 7488K, reserved 1048576K
}
Event: 14.636 GC heap before
{Heap before GC invocations=174 (full 3):
 PSYoungGen      total 3584K, used 3488K [0x00000000eab00000, 0x00000000eaf80000, 0x0000000100000000)
  eden space 2560K, 99% used [0x00000000eab00000,0x00000000ead7f0b0,0x00000000ead80000)
  from space 1024K, 91% used [0x00000000eae80000,0x00000000eaf68fe0,0x00000000eaf80000)
  to   space 1024K, 0% used [0x00000000ead80000,0x00000000ead80000,0x00000000eae80000)
 ParOldGen       total 176640K, used 176536K [0x00000000c0000000, 0x00000000cac80000, 0x00000000eab00000)
  object space 176640K, 99% used [0x00000000c0000000,0x00000000cac662a8,0x00000000cac80000)
 Metaspace       used 60635K, committed 62016K, reserved 1114112K
  class space    used 6875K, committed 7488K, reserved 1048576K
}
Event: 14.637 GC heap after
{Heap after GC invocations=174 (full 3):
 PSYoungGen      total 3584K, used 850K [0x00000000eab00000, 0x00000000eaf80000, 0x0000000100000000)
  eden space 2560K, 0% used [0x00000000eab00000,0x00000000eab00000,0x00000000ead80000)
  from space 1024K, 83% used [0x00000000ead80000,0x00000000eae548e8,0x00000000eae80000)
  to   space 1024K, 0% used [0x00000000eae80000,0x00000000eae80000,0x00000000eaf80000)
 ParOldGen       total 177664K, used 177244K [0x00000000c0000000, 0x00000000cad80000, 0x00000000eab00000)
  object space 177664K, 99% used [0x00000000c0000000,0x00000000cad17118,0x00000000cad80000)
 Metaspace       used 60635K, committed 62016K, reserved 1114112K
  class space    used 6875K, committed 7488K, reserved 1048576K
}
Event: 14.663 GC heap before
{Heap before GC invocations=175 (full 3):
 PSYoungGen      total 3584K, used 3410K [0x00000000eab00000, 0x00000000eaf80000, 0x0000000100000000)
  eden space 2560K, 100% used [0x00000000eab00000,0x00000000ead80000,0x00000000ead80000)
  from space 1024K, 83% used [0x00000000ead80000,0x00000000eae548e8,0x00000000eae80000)
  to   space 1024K, 0% used [0x00000000eae80000,0x00000000eae80000,0x00000000eaf80000)
 ParOldGen       total 177664K, used 177244K [0x00000000c0000000, 0x00000000cad80000, 0x00000000eab00000)
  object space 177664K, 99% used [0x00000000c0000000,0x00000000cad17118,0x00000000cad80000)
 Metaspace       used 60635K, committed 62016K, reserved 1114112K
  class space    used 6875K, committed 7488K, reserved 1048576K
}
Event: 14.664 GC heap after
{Heap after GC invocations=175 (full 3):
 PSYoungGen      total 3584K, used 854K [0x00000000eab00000, 0x00000000eaf80000, 0x0000000100000000)
  eden space 2560K, 0% used [0x00000000eab00000,0x00000000eab00000,0x00000000ead80000)
  from space 1024K, 83% used [0x00000000eae80000,0x00000000eaf558d0,0x00000000eaf80000)
  to   space 1024K, 0% used [0x00000000ead80000,0x00000000ead80000,0x00000000eae80000)
 ParOldGen       total 178176K, used 177900K [0x00000000c0000000, 0x00000000cae00000, 0x00000000eab00000)
  object space 178176K, 99% used [0x00000000c0000000,0x00000000cadbb300,0x00000000cae00000)
 Metaspace       used 60635K, committed 62016K, reserved 1114112K
  class space    used 6875K, committed 7488K, reserved 1048576K
}
Event: 14.703 GC heap before
{Heap before GC invocations=176 (full 3):
 PSYoungGen      total 3584K, used 3414K [0x00000000eab00000, 0x00000000eaf80000, 0x0000000100000000)
  eden space 2560K, 99% used [0x00000000eab00000,0x00000000ead7fff0,0x00000000ead80000)
  from space 1024K, 83% used [0x00000000eae80000,0x00000000eaf558d0,0x00000000eaf80000)
  to   space 1024K, 0% used [0x00000000ead80000,0x00000000ead80000,0x00000000eae80000)
 ParOldGen       total 178176K, used 177900K [0x00000000c0000000, 0x00000000cae00000, 0x00000000eab00000)
  object space 178176K, 99% used [0x00000000c0000000,0x00000000cadbb300,0x00000000cae00000)
 Metaspace       used 60635K, committed 62016K, reserved 1114112K
  class space    used 6875K, committed 7488K, reserved 1048576K
}
Event: 14.705 GC heap after
{Heap after GC invocations=176 (full 3):
 PSYoungGen      total 3584K, used 827K [0x00000000eab00000, 0x00000000eaf80000, 0x0000000100000000)
  eden space 2560K, 0% used [0x00000000eab00000,0x00000000eab00000,0x00000000ead80000)
  from space 1024K, 80% used [0x00000000ead80000,0x00000000eae4edd0,0x00000000eae80000)
  to   space 1024K, 0% used [0x00000000eae80000,0x00000000eae80000,0x00000000eaf80000)
 ParOldGen       total 178688K, used 178626K [0x00000000c0000000, 0x00000000cae80000, 0x00000000eab00000)
  object space 178688K, 99% used [0x00000000c0000000,0x00000000cae70888,0x00000000cae80000)
 Metaspace       used 60635K, committed 62016K, reserved 1114112K
  class space    used 6875K, committed 7488K, reserved 1048576K
}
Event: 14.725 GC heap before
{Heap before GC invocations=177 (full 3):
 PSYoungGen      total 3584K, used 3387K [0x00000000eab00000, 0x00000000eaf80000, 0x0000000100000000)
  eden space 2560K, 100% used [0x00000000eab00000,0x00000000ead80000,0x00000000ead80000)
  from space 1024K, 80% used [0x00000000ead80000,0x00000000eae4edd0,0x00000000eae80000)
  to   space 1024K, 0% used [0x00000000eae80000,0x00000000eae80000,0x00000000eaf80000)
 ParOldGen       total 178688K, used 178626K [0x00000000c0000000, 0x00000000cae80000, 0x00000000eab00000)
  object space 178688K, 99% used [0x00000000c0000000,0x00000000cae70888,0x00000000cae80000)
 Metaspace       used 60635K, committed 62016K, reserved 1114112K
  class space    used 6875K, committed 7488K, reserved 1048576K
}
Event: 14.726 GC heap after
{Heap after GC invocations=177 (full 3):
 PSYoungGen      total 3584K, used 827K [0x00000000eab00000, 0x00000000eaf80000, 0x0000000100000000)
  eden space 2560K, 0% used [0x00000000eab00000,0x00000000eab00000,0x00000000ead80000)
  from space 1024K, 80% used [0x00000000eae80000,0x00000000eaf4ed98,0x00000000eaf80000)
  to   space 1024K, 0% used [0x00000000ead80000,0x00000000ead80000,0x00000000eae80000)
 ParOldGen       total 179712K, used 179272K [0x00000000c0000000, 0x00000000caf80000, 0x00000000eab00000)
  object space 179712K, 99% used [0x00000000c0000000,0x00000000caf12008,0x00000000caf80000)
 Metaspace       used 60635K, committed 62016K, reserved 1114112K
  class space    used 6875K, committed 7488K, reserved 1048576K
}
Event: 14.758 GC heap before
{Heap before GC invocations=178 (full 3):
 PSYoungGen      total 3584K, used 3387K [0x00000000eab00000, 0x00000000eaf80000, 0x0000000100000000)
  eden space 2560K, 99% used [0x00000000eab00000,0x00000000ead7ffc0,0x00000000ead80000)
  from space 1024K, 80% used [0x00000000eae80000,0x00000000eaf4ed98,0x00000000eaf80000)
  to   space 1024K, 0% used [0x00000000ead80000,0x00000000ead80000,0x00000000eae80000)
 ParOldGen       total 179712K, used 179272K [0x00000000c0000000, 0x00000000caf80000, 0x00000000eab00000)
  object space 179712K, 99% used [0x00000000c0000000,0x00000000caf12008,0x00000000caf80000)
 Metaspace       used 60635K, committed 62016K, reserved 1114112K
  class space    used 6875K, committed 7488K, reserved 1048576K
}
Event: 14.759 GC heap after
{Heap after GC invocations=178 (full 3):
 PSYoungGen      total 3584K, used 781K [0x00000000eab00000, 0x00000000eaf80000, 0x0000000100000000)
  eden space 2560K, 0% used [0x00000000eab00000,0x00000000eab00000,0x00000000ead80000)
  from space 1024K, 76% used [0x00000000ead80000,0x00000000eae436a8,0x00000000eae80000)
  to   space 1024K, 0% used [0x00000000eae80000,0x00000000eae80000,0x00000000eaf80000)
 ParOldGen       total 180224K, used 179907K [0x00000000c0000000, 0x00000000cb000000, 0x00000000eab00000)
  object space 180224K, 99% used [0x00000000c0000000,0x00000000cafb0cd8,0x00000000cb000000)
 Metaspace       used 60635K, committed 62016K, reserved 1114112K
  class space    used 6875K, committed 7488K, reserved 1048576K
}
Event: 14.778 GC heap before
{Heap before GC invocations=179 (full 3):
 PSYoungGen      total 3584K, used 3318K [0x00000000eab00000, 0x00000000eaf80000, 0x0000000100000000)
  eden space 2560K, 99% used [0x00000000eab00000,0x00000000ead7a288,0x00000000ead80000)
  from space 1024K, 76% used [0x00000000ead80000,0x00000000eae436a8,0x00000000eae80000)
  to   space 1024K, 0% used [0x00000000eae80000,0x00000000eae80000,0x00000000eaf80000)
 ParOldGen       total 180224K, used 179907K [0x00000000c0000000, 0x00000000cb000000, 0x00000000eab00000)
  object space 180224K, 99% used [0x00000000c0000000,0x00000000cafb0cd8,0x00000000cb000000)
 Metaspace       used 60635K, committed 62016K, reserved 1114112K
  class space    used 6875K, committed 7488K, reserved 1048576K
}
Event: 14.779 GC heap after
{Heap after GC invocations=179 (full 3):
 PSYoungGen      total 3584K, used 822K [0x00000000eab00000, 0x00000000eaf80000, 0x0000000100000000)
  eden space 2560K, 0% used [0x00000000eab00000,0x00000000eab00000,0x00000000ead80000)
  from space 1024K, 80% used [0x00000000eae80000,0x00000000eaf4d8e0,0x00000000eaf80000)
  to   space 1024K, 0% used [0x00000000ead80000,0x00000000ead80000,0x00000000eae80000)
 ParOldGen       total 180736K, used 180535K [0x00000000c0000000, 0x00000000cb080000, 0x00000000eab00000)
  object space 180736K, 99% used [0x00000000c0000000,0x00000000cb04dd28,0x00000000cb080000)
 Metaspace       used 60635K, committed 62016K, reserved 1114112K
  class space    used 6875K, committed 7488K, reserved 1048576K
}
Event: 14.810 GC heap before
{Heap before GC invocations=180 (full 3):
 PSYoungGen      total 3584K, used 3382K [0x00000000eab00000, 0x00000000eaf80000, 0x0000000100000000)
  eden space 2560K, 100% used [0x00000000eab00000,0x00000000ead80000,0x00000000ead80000)
  from space 1024K, 80% used [0x00000000eae80000,0x00000000eaf4d8e0,0x00000000eaf80000)
  to   space 1024K, 0% used [0x00000000ead80000,0x00000000ead80000,0x00000000eae80000)
 ParOldGen       total 180736K, used 180535K [0x00000000c0000000, 0x00000000cb080000, 0x00000000eab00000)
  object space 180736K, 99% used [0x00000000c0000000,0x00000000cb04dd28,0x00000000cb080000)
 Metaspace       used 60635K, committed 62016K, reserved 1114112K
  class space    used 6875K, committed 7488K, reserved 1048576K
}
Event: 14.811 GC heap after
{Heap after GC invocations=180 (full 3):
 PSYoungGen      total 3584K, used 758K [0x00000000eab00000, 0x00000000eaf80000, 0x0000000100000000)
  eden space 2560K, 0% used [0x00000000eab00000,0x00000000eab00000,0x00000000ead80000)
  from space 1024K, 74% used [0x00000000ead80000,0x00000000eae3dae8,0x00000000eae80000)
  to   space 1024K, 0% used [0x00000000eae80000,0x00000000eae80000,0x00000000eaf80000)
 ParOldGen       total 181248K, used 181205K [0x00000000c0000000, 0x00000000cb100000, 0x00000000eab00000)
  object space 181248K, 99% used [0x00000000c0000000,0x00000000cb0f5660,0x00000000cb100000)
 Metaspace       used 60635K, committed 62016K, reserved 1114112K
  class space    used 6875K, committed 7488K, reserved 1048576K
}

Dll operation events (13 events):
Event: 0.025 Loaded shared library c:\Users\86158\.vscode\extensions\redhat.java-1.42.0-win32-x64\jre\21.0.7-win32-x86_64\bin\java.dll
Event: 0.067 Loaded shared library c:\Users\86158\.vscode\extensions\redhat.java-1.42.0-win32-x64\jre\21.0.7-win32-x86_64\bin\zip.dll
Event: 0.157 Loaded shared library C:\Users\86158\.vscode\extensions\redhat.java-1.42.0-win32-x64\jre\21.0.7-win32-x86_64\bin\instrument.dll
Event: 0.170 Loaded shared library C:\Users\86158\.vscode\extensions\redhat.java-1.42.0-win32-x64\jre\21.0.7-win32-x86_64\bin\net.dll
Event: 0.176 Loaded shared library C:\Users\86158\.vscode\extensions\redhat.java-1.42.0-win32-x64\jre\21.0.7-win32-x86_64\bin\nio.dll
Event: 0.182 Loaded shared library C:\Users\86158\.vscode\extensions\redhat.java-1.42.0-win32-x64\jre\21.0.7-win32-x86_64\bin\zip.dll
Event: 0.222 Loaded shared library C:\Users\86158\.vscode\extensions\redhat.java-1.42.0-win32-x64\jre\21.0.7-win32-x86_64\bin\jimage.dll
Event: 0.374 Loaded shared library c:\Users\86158\.vscode\extensions\redhat.java-1.42.0-win32-x64\jre\21.0.7-win32-x86_64\bin\verify.dll
Event: 2.089 Loaded shared library C:\Users\86158\AppData\Roaming\Code\User\globalStorage\redhat.java\1.42.0\config_win\org.eclipse.equinox.launcher\org.eclipse.equinox.launcher.win32.win32.x86_64_1.2.1300.v20250331-1702\eclipse_11911.dll
Event: 4.597 Loaded shared library C:\Users\86158\AppData\Local\Temp\jna-53374678\jna1941134585626928525.dll
Event: 10.289 Loaded shared library C:\Users\86158\.gradle\native\c067742578af261105cb4f569cf0c3c89f3d7b1fecec35dd04571415982c5e48\windows-amd64\native-platform.dll
Event: 12.040 Loaded shared library C:\Users\86158\.vscode\extensions\redhat.java-1.42.0-win32-x64\jre\21.0.7-win32-x86_64\bin\management.dll
Event: 12.048 Loaded shared library C:\Users\86158\.vscode\extensions\redhat.java-1.42.0-win32-x64\jre\21.0.7-win32-x86_64\bin\management_ext.dll

Deoptimization events (20 events):
Event: 14.411 Thread 0x0000024ec5b238e0 DEOPT PACKING pc=0x0000024ef3876d9c sp=0x00000076ec5fea80
Event: 14.411 Thread 0x0000024ec5b238e0 DEOPT UNPACKING pc=0x0000024ef2e63aa2 sp=0x00000076ec5fe9e0 mode 2
Event: 14.416 Thread 0x0000024ec5b238e0 DEOPT PACKING pc=0x0000024eec5b601a sp=0x00000076ec5fe7b0
Event: 14.416 Thread 0x0000024ec5b238e0 DEOPT UNPACKING pc=0x0000024ef2e64242 sp=0x00000076ec5fdbb8 mode 0
Event: 14.448 Thread 0x0000024ec5b238e0 DEOPT PACKING pc=0x0000024eec5b601a sp=0x00000076ec5fe7b0
Event: 14.448 Thread 0x0000024ec5b238e0 DEOPT UNPACKING pc=0x0000024ef2e64242 sp=0x00000076ec5fdbb8 mode 0
Event: 14.489 Thread 0x0000024ec5b238e0 DEOPT PACKING pc=0x0000024eec5b601a sp=0x00000076ec5fe7b0
Event: 14.489 Thread 0x0000024ec5b238e0 DEOPT UNPACKING pc=0x0000024ef2e64242 sp=0x00000076ec5fdbb8 mode 0
Event: 14.499 Thread 0x0000024ec5b238e0 DEOPT PACKING pc=0x0000024eec7d18d7 sp=0x00000076ec5fea00
Event: 14.499 Thread 0x0000024ec5b238e0 DEOPT UNPACKING pc=0x0000024ef2e64242 sp=0x00000076ec5fdea0 mode 0
Event: 14.571 Thread 0x0000024ec5b238e0 DEOPT PACKING pc=0x0000024eec5b601a sp=0x00000076ec5fe7b0
Event: 14.571 Thread 0x0000024ec5b238e0 DEOPT UNPACKING pc=0x0000024ef2e64242 sp=0x00000076ec5fdbb8 mode 0
Event: 14.612 Thread 0x0000024ec5b238e0 DEOPT PACKING pc=0x0000024eec5b601a sp=0x00000076ec5fe7b0
Event: 14.612 Thread 0x0000024ec5b238e0 DEOPT UNPACKING pc=0x0000024ef2e64242 sp=0x00000076ec5fdbb8 mode 0
Event: 14.660 Thread 0x0000024ec5b238e0 DEOPT PACKING pc=0x0000024eec5b601a sp=0x00000076ec5fe7b0
Event: 14.660 Thread 0x0000024ec5b238e0 DEOPT UNPACKING pc=0x0000024ef2e64242 sp=0x00000076ec5fdbb8 mode 0
Event: 14.712 Thread 0x0000024ec5b238e0 DEOPT PACKING pc=0x0000024eec5b601a sp=0x00000076ec5fe7b0
Event: 14.712 Thread 0x0000024ec5b238e0 DEOPT UNPACKING pc=0x0000024ef2e64242 sp=0x00000076ec5fdbb8 mode 0
Event: 14.762 Thread 0x0000024ec5b238e0 DEOPT PACKING pc=0x0000024eec5ac7ea sp=0x00000076ec5fe9c0
Event: 14.762 Thread 0x0000024ec5b238e0 DEOPT UNPACKING pc=0x0000024ef2e64242 sp=0x00000076ec5fde58 mode 0

Classes loaded (20 events):
Event: 13.467 Loading class java/nio/file/attribute/DosFileAttributeView
Event: 13.467 Loading class java/nio/file/attribute/DosFileAttributeView done
Event: 13.467 Loading class sun/nio/fs/WindowsFileAttributeViews$Dos
Event: 13.471 Loading class sun/nio/fs/WindowsFileAttributeViews$Dos done
Event: 13.519 Loading class java/security/DigestInputStream
Event: 13.520 Loading class java/security/DigestInputStream done
Event: 13.633 Loading class java/util/Collections$SynchronizedRandomAccessList
Event: 13.633 Loading class java/util/Collections$SynchronizedList
Event: 13.634 Loading class java/util/Collections$SynchronizedList done
Event: 13.634 Loading class java/util/Collections$SynchronizedRandomAccessList done
Event: 13.651 Loading class java/util/concurrent/CompletableFuture$Signaller
Event: 13.651 Loading class java/util/concurrent/CompletableFuture$Signaller done
Event: 13.701 Loading class java/util/Hashtable$KeySet
Event: 13.705 Loading class java/util/Hashtable$KeySet done
Event: 13.759 Loading class java/util/stream/DistinctOps
Event: 13.759 Loading class java/util/stream/DistinctOps done
Event: 13.759 Loading class java/util/stream/DistinctOps$1
Event: 13.759 Loading class java/util/stream/DistinctOps$1 done
Event: 13.766 Loading class java/util/stream/DistinctOps$1$2
Event: 13.766 Loading class java/util/stream/DistinctOps$1$2 done

Classes unloaded (7 events):
Event: 5.286 Thread 0x0000024efe094ba0 Unloading class 0x0000024e811a3800 'java/lang/invoke/LambdaForm$MH+0x0000024e811a3800'
Event: 5.286 Thread 0x0000024efe094ba0 Unloading class 0x0000024e811a3400 'java/lang/invoke/LambdaForm$MH+0x0000024e811a3400'
Event: 5.286 Thread 0x0000024efe094ba0 Unloading class 0x0000024e811a3000 'java/lang/invoke/LambdaForm$MH+0x0000024e811a3000'
Event: 5.286 Thread 0x0000024efe094ba0 Unloading class 0x0000024e811a2c00 'java/lang/invoke/LambdaForm$MH+0x0000024e811a2c00'
Event: 5.286 Thread 0x0000024efe094ba0 Unloading class 0x0000024e811a2800 'java/lang/invoke/LambdaForm$BMH+0x0000024e811a2800'
Event: 5.286 Thread 0x0000024efe094ba0 Unloading class 0x0000024e811a2400 'java/lang/invoke/LambdaForm$DMH+0x0000024e811a2400'
Event: 5.286 Thread 0x0000024efe094ba0 Unloading class 0x0000024e811a1400 'java/lang/invoke/LambdaForm$DMH+0x0000024e811a1400'

Classes redefined (0 events):
No events

Internal exceptions (20 events):
Event: 13.736 Thread 0x0000024ec5631cd0 Exception <a 'sun/nio/fs/WindowsException'{0x00000000eab6ca28}> (0x00000000eab6ca28) 
thrown [s\src\hotspot\share\prims\jni.cpp, line 520]
Event: 13.736 Thread 0x0000024ec5631cd0 Exception <a 'sun/nio/fs/WindowsException'{0x00000000eab6d100}> (0x00000000eab6d100) 
thrown [s\src\hotspot\share\prims\jni.cpp, line 520]
Event: 13.739 Thread 0x0000024ec5631cd0 Exception <a 'java/io/FileNotFoundException'{0x00000000eaba6cb0}> (0x00000000eaba6cb0) 
thrown [s\src\hotspot\share\prims\jni.cpp, line 520]
Event: 13.739 Thread 0x0000024ec5631cd0 Exception <a 'java/io/FileNotFoundException'{0x00000000eaba7c20}> (0x00000000eaba7c20) 
thrown [s\src\hotspot\share\prims\jni.cpp, line 520]
Event: 13.746 Thread 0x0000024ec5631cd0 Exception <a 'sun/nio/fs/WindowsException'{0x00000000eac5ad78}> (0x00000000eac5ad78) 
thrown [s\src\hotspot\share\prims\jni.cpp, line 520]
Event: 13.747 Thread 0x0000024ec5631cd0 Exception <a 'sun/nio/fs/WindowsException'{0x00000000eac5b450}> (0x00000000eac5b450) 
thrown [s\src\hotspot\share\prims\jni.cpp, line 520]
Event: 13.803 Thread 0x0000024ec5631cd0 Exception <a 'sun/nio/fs/WindowsException'{0x00000000ead23d58}> (0x00000000ead23d58) 
thrown [s\src\hotspot\share\prims\jni.cpp, line 520]
Event: 13.803 Thread 0x0000024ec5631cd0 Exception <a 'sun/nio/fs/WindowsException'{0x00000000ead24430}> (0x00000000ead24430) 
thrown [s\src\hotspot\share\prims\jni.cpp, line 520]
Event: 13.806 Thread 0x0000024ec5631cd0 Exception <a 'sun/nio/fs/WindowsException'{0x00000000ead250f0}> (0x00000000ead250f0) 
thrown [s\src\hotspot\share\prims\jni.cpp, line 520]
Event: 13.806 Thread 0x0000024ec5631cd0 Exception <a 'sun/nio/fs/WindowsException'{0x00000000ead257c8}> (0x00000000ead257c8) 
thrown [s\src\hotspot\share\prims\jni.cpp, line 520]
Event: 13.808 Thread 0x0000024ec5631cd0 Exception <a 'sun/nio/fs/WindowsException'{0x00000000ead26db0}> (0x00000000ead26db0) 
thrown [s\src\hotspot\share\prims\jni.cpp, line 520]
Event: 13.808 Thread 0x0000024ec5631cd0 Exception <a 'sun/nio/fs/WindowsException'{0x00000000ead27488}> (0x00000000ead27488) 
thrown [s\src\hotspot\share\prims\jni.cpp, line 520]
Event: 13.818 Thread 0x0000024ec5631cd0 Exception <a 'sun/nio/fs/WindowsException'{0x00000000eab17050}> (0x00000000eab17050) 
thrown [s\src\hotspot\share\prims\jni.cpp, line 520]
Event: 13.819 Thread 0x0000024ec5631cd0 Exception <a 'sun/nio/fs/WindowsException'{0x00000000eab17728}> (0x00000000eab17728) 
thrown [s\src\hotspot\share\prims\jni.cpp, line 520]
Event: 13.820 Thread 0x0000024ec5631cd0 Exception <a 'sun/nio/fs/WindowsException'{0x00000000eab183e8}> (0x00000000eab183e8) 
thrown [s\src\hotspot\share\prims\jni.cpp, line 520]
Event: 13.820 Thread 0x0000024ec5631cd0 Exception <a 'sun/nio/fs/WindowsException'{0x00000000eab18ac0}> (0x00000000eab18ac0) 
thrown [s\src\hotspot\share\prims\jni.cpp, line 520]
Event: 13.821 Thread 0x0000024ec5631cd0 Exception <a 'sun/nio/fs/WindowsException'{0x00000000eab1a0a8}> (0x00000000eab1a0a8) 
thrown [s\src\hotspot\share\prims\jni.cpp, line 520]
Event: 13.821 Thread 0x0000024ec5631cd0 Exception <a 'sun/nio/fs/WindowsException'{0x00000000eab1a780}> (0x00000000eab1a780) 
thrown [s\src\hotspot\share\prims\jni.cpp, line 520]
Event: 14.013 Thread 0x0000024ec668b930 Exception <a 'java/lang/IncompatibleClassChangeError'{0x00000000eab00428}: Found class java.lang.Object, but interface was expected> (0x00000000eab00428) 
thrown [s\src\hotspot\share\interpreter\linkResolver.cpp, line 840]
Event: 14.411 Thread 0x0000024ec5b238e0 Implicit null exception at 0x0000024ef3871a8f to 0x0000024ef3876d84

ZGC Phase Switch (0 events):
No events

VM Operations (20 events):
Event: 14.577 Executing VM operation: ParallelGCFailedAllocation (Allocation Failure)
Event: 14.578 Executing VM operation: ParallelGCFailedAllocation (Allocation Failure) done
Event: 14.597 Executing VM operation: ParallelGCFailedAllocation (Allocation Failure)
Event: 14.599 Executing VM operation: ParallelGCFailedAllocation (Allocation Failure) done
Event: 14.617 Executing VM operation: ParallelGCFailedAllocation (Allocation Failure)
Event: 14.619 Executing VM operation: ParallelGCFailedAllocation (Allocation Failure) done
Event: 14.636 Executing VM operation: ParallelGCFailedAllocation (Allocation Failure)
Event: 14.637 Executing VM operation: ParallelGCFailedAllocation (Allocation Failure) done
Event: 14.663 Executing VM operation: ParallelGCFailedAllocation (Allocation Failure)
Event: 14.664 Executing VM operation: ParallelGCFailedAllocation (Allocation Failure) done
Event: 14.703 Executing VM operation: ParallelGCFailedAllocation (Allocation Failure)
Event: 14.705 Executing VM operation: ParallelGCFailedAllocation (Allocation Failure) done
Event: 14.725 Executing VM operation: ParallelGCFailedAllocation (Allocation Failure)
Event: 14.726 Executing VM operation: ParallelGCFailedAllocation (Allocation Failure) done
Event: 14.758 Executing VM operation: ParallelGCFailedAllocation (Allocation Failure)
Event: 14.759 Executing VM operation: ParallelGCFailedAllocation (Allocation Failure) done
Event: 14.778 Executing VM operation: ParallelGCFailedAllocation (Allocation Failure)
Event: 14.779 Executing VM operation: ParallelGCFailedAllocation (Allocation Failure) done
Event: 14.810 Executing VM operation: ParallelGCFailedAllocation (Allocation Failure)
Event: 14.811 Executing VM operation: ParallelGCFailedAllocation (Allocation Failure) done

Memory protections (0 events):
No events

Nmethod flushes (20 events):
Event: 12.321 Thread 0x0000024efe094ba0 flushing  nmethod 0x0000024eec278410
Event: 12.321 Thread 0x0000024efe094ba0 flushing  nmethod 0x0000024eec27a390
Event: 12.321 Thread 0x0000024efe094ba0 flushing  nmethod 0x0000024eec29cb10
Event: 12.321 Thread 0x0000024efe094ba0 flushing  nmethod 0x0000024eec2a2b10
Event: 12.321 Thread 0x0000024efe094ba0 flushing  nmethod 0x0000024eec2eaa90
Event: 12.321 Thread 0x0000024efe094ba0 flushing  nmethod 0x0000024eec327710
Event: 12.321 Thread 0x0000024efe094ba0 flushing  nmethod 0x0000024eec334990
Event: 12.321 Thread 0x0000024efe094ba0 flushing  nmethod 0x0000024eec33cd90
Event: 12.321 Thread 0x0000024efe094ba0 flushing  nmethod 0x0000024eec346d90
Event: 12.321 Thread 0x0000024efe094ba0 flushing  nmethod 0x0000024eec34a790
Event: 12.321 Thread 0x0000024efe094ba0 flushing  nmethod 0x0000024eec37f710
Event: 12.321 Thread 0x0000024efe094ba0 flushing  nmethod 0x0000024eec3a4e10
Event: 12.321 Thread 0x0000024efe094ba0 flushing  nmethod 0x0000024eec3a5290
Event: 12.321 Thread 0x0000024efe094ba0 flushing  nmethod 0x0000024eec3a8110
Event: 12.321 Thread 0x0000024efe094ba0 flushing  nmethod 0x0000024eec3a8710
Event: 12.321 Thread 0x0000024efe094ba0 flushing  nmethod 0x0000024eec3ac790
Event: 12.321 Thread 0x0000024efe094ba0 flushing  nmethod 0x0000024eec405a90
Event: 12.321 Thread 0x0000024efe094ba0 flushing  nmethod 0x0000024eec406610
Event: 12.321 Thread 0x0000024efe094ba0 flushing  nmethod 0x0000024eec406a90
Event: 12.321 Thread 0x0000024efe094ba0 flushing  nmethod 0x0000024eec435590

Events (20 events):
Event: 7.290 Thread 0x0000024ee64bdcc0 Thread added: 0x0000024ec56392f0
Event: 7.290 Thread 0x0000024ee64bdcc0 Thread added: 0x0000024ec5633710
Event: 7.290 Thread 0x0000024ee64bdcc0 Thread added: 0x0000024ec5637220
Event: 7.291 Thread 0x0000024ee64bdcc0 Thread added: 0x0000024ec56378b0
Event: 7.291 Thread 0x0000024ee64bdcc0 Thread added: 0x0000024ec5637f40
Event: 7.291 Thread 0x0000024ee64bdcc0 Thread added: 0x0000024ec56385d0
Event: 7.291 Thread 0x0000024ee64bdcc0 Thread added: 0x0000024ec5638c60
Event: 7.291 Thread 0x0000024ee64bdcc0 Thread added: 0x0000024ec5633da0
Event: 7.291 Thread 0x0000024ee64bdcc0 Thread added: 0x0000024ec5634430
Event: 7.353 Thread 0x0000024ee64bdcc0 Thread added: 0x0000024ec5634ac0
Event: 7.602 Thread 0x0000024ee64bdcc0 Thread added: 0x0000024ec668cce0
Event: 7.602 Thread 0x0000024ee64bdcc0 Thread added: 0x0000024ec668b930
Event: 9.734 Thread 0x0000024ec5b23250 Thread added: 0x0000024ec668da00
Event: 9.838 Thread 0x0000024ec5b23250 Thread added: 0x0000024ec668e090
Event: 10.326 Thread 0x0000024ec5b6a880 Thread exited: 0x0000024ec5b6a880
Event: 12.582 Thread 0x0000024ec668e090 Thread added: 0x0000024ec668e720
Event: 12.769 Thread 0x0000024ec668e720 Thread added: 0x0000024ec668fad0
Event: 12.769 Thread 0x0000024ec668e720 Thread added: 0x0000024ec668edb0
Event: 13.486 Thread 0x0000024ec668e090 Thread exited: 0x0000024ec668e090
Event: 14.708 Thread 0x0000024ec5e74e70 Thread exited: 0x0000024ec5e74e70


Dynamic libraries:
0x00007ff625370000 - 0x00007ff62537e000 	c:\Users\86158\.vscode\extensions\redhat.java-1.42.0-win32-x64\jre\21.0.7-win32-x86_64\bin\java.exe
0x00007ff9bac50000 - 0x00007ff9bae67000 	C:\Windows\SYSTEM32\ntdll.dll
0x00007ff9b9d90000 - 0x00007ff9b9e54000 	C:\Windows\System32\KERNEL32.DLL
0x00007ff9b82f0000 - 0x00007ff9b86c2000 	C:\Windows\System32\KERNELBASE.dll
0x00007ff9b8790000 - 0x00007ff9b88a1000 	C:\Windows\System32\ucrtbase.dll
0x00007ff9a6120000 - 0x00007ff9a6138000 	c:\Users\86158\.vscode\extensions\redhat.java-1.42.0-win32-x64\jre\21.0.7-win32-x86_64\bin\jli.dll
0x00007ff99fc50000 - 0x00007ff99fc6e000 	c:\Users\86158\.vscode\extensions\redhat.java-1.42.0-win32-x64\jre\21.0.7-win32-x86_64\bin\VCRUNTIME140.dll
0x00007ff9b88e0000 - 0x00007ff9b8a91000 	C:\Windows\System32\USER32.dll
0x00007ff9b88b0000 - 0x00007ff9b88d6000 	C:\Windows\System32\win32u.dll
0x00007ff9ba8c0000 - 0x00007ff9ba8e9000 	C:\Windows\System32\GDI32.dll
0x00007ff9b7f00000 - 0x00007ff9b8023000 	C:\Windows\System32\gdi32full.dll
0x00007ff9b8250000 - 0x00007ff9b82ea000 	C:\Windows\System32\msvcp_win.dll
0x00007ff996690000 - 0x00007ff99692b000 	C:\Windows\WinSxS\amd64_microsoft.windows.common-controls_6595b64144ccf1df_6.0.22621.5413_none_270da5617387a498\COMCTL32.dll
0x00007ff9bab60000 - 0x00007ff9bac07000 	C:\Windows\System32\msvcrt.dll
0x00007ff9ba880000 - 0x00007ff9ba8b1000 	C:\Windows\System32\IMM32.DLL
0x00007ff9b08a0000 - 0x00007ff9b08ac000 	c:\Users\86158\.vscode\extensions\redhat.java-1.42.0-win32-x64\jre\21.0.7-win32-x86_64\bin\vcruntime140_1.dll
0x00007ff981770000 - 0x00007ff9817fd000 	c:\Users\86158\.vscode\extensions\redhat.java-1.42.0-win32-x64\jre\21.0.7-win32-x86_64\bin\msvcp140.dll
0x00007ff930120000 - 0x00007ff930eb0000 	c:\Users\86158\.vscode\extensions\redhat.java-1.42.0-win32-x64\jre\21.0.7-win32-x86_64\bin\server\jvm.dll
0x00007ff9ba390000 - 0x00007ff9ba441000 	C:\Windows\System32\ADVAPI32.dll
0x00007ff9ba2e0000 - 0x00007ff9ba388000 	C:\Windows\System32\sechost.dll
0x00007ff9b8220000 - 0x00007ff9b8248000 	C:\Windows\System32\bcrypt.dll
0x00007ff9ba5a0000 - 0x00007ff9ba6b4000 	C:\Windows\System32\RPCRT4.dll
0x00007ff9ba4a0000 - 0x00007ff9ba511000 	C:\Windows\System32\WS2_32.dll
0x00007ff9b7a60000 - 0x00007ff9b7aad000 	C:\Windows\SYSTEM32\POWRPROF.dll
0x00007ff9b2820000 - 0x00007ff9b2854000 	C:\Windows\SYSTEM32\WINMM.dll
0x00007ff9ae700000 - 0x00007ff9ae70a000 	C:\Windows\SYSTEM32\VERSION.dll
0x00007ff9b7a40000 - 0x00007ff9b7a53000 	C:\Windows\SYSTEM32\UMPDC.dll
0x00007ff9b6d70000 - 0x00007ff9b6d88000 	C:\Windows\SYSTEM32\kernel.appcore.dll
0x00007ff9a66b0000 - 0x00007ff9a66ba000 	c:\Users\86158\.vscode\extensions\redhat.java-1.42.0-win32-x64\jre\21.0.7-win32-x86_64\bin\jimage.dll
0x00007ff9b54f0000 - 0x00007ff9b5722000 	C:\Windows\SYSTEM32\DBGHELP.DLL
0x00007ff9b8aa0000 - 0x00007ff9b8e33000 	C:\Windows\System32\combase.dll
0x00007ff9b8fc0000 - 0x00007ff9b9097000 	C:\Windows\System32\OLEAUT32.dll
0x00007ff9954c0000 - 0x00007ff9954f2000 	C:\Windows\SYSTEM32\dbgcore.DLL
0x00007ff9b7d40000 - 0x00007ff9b7dbb000 	C:\Windows\System32\bcryptPrimitives.dll
0x00007ff9a0130000 - 0x00007ff9a013f000 	c:\Users\86158\.vscode\extensions\redhat.java-1.42.0-win32-x64\jre\21.0.7-win32-x86_64\bin\instrument.dll
0x00007ff98be80000 - 0x00007ff98be9f000 	c:\Users\86158\.vscode\extensions\redhat.java-1.42.0-win32-x64\jre\21.0.7-win32-x86_64\bin\java.dll
0x00007ff9b91e0000 - 0x00007ff9b9a82000 	C:\Windows\System32\SHELL32.dll
0x00007ff9b7dc0000 - 0x00007ff9b7eff000 	C:\Windows\System32\wintypes.dll
0x00007ff9b5c70000 - 0x00007ff9b658d000 	C:\Windows\SYSTEM32\windows.storage.dll
0x00007ff9ba770000 - 0x00007ff9ba87b000 	C:\Windows\System32\SHCORE.dll
0x00007ff9b8f50000 - 0x00007ff9b8fb9000 	C:\Windows\System32\shlwapi.dll
0x00007ff9b7c70000 - 0x00007ff9b7c9b000 	C:\Windows\SYSTEM32\profapi.dll
0x00007ff98b7a0000 - 0x00007ff98b7b8000 	c:\Users\86158\.vscode\extensions\redhat.java-1.42.0-win32-x64\jre\21.0.7-win32-x86_64\bin\zip.dll
0x00007ff9a6670000 - 0x00007ff9a6680000 	C:\Users\86158\.vscode\extensions\redhat.java-1.42.0-win32-x64\jre\21.0.7-win32-x86_64\bin\net.dll
0x00007ff9b3940000 - 0x00007ff9b3a6c000 	C:\Windows\SYSTEM32\WINHTTP.dll
0x00007ff9b71f0000 - 0x00007ff9b7259000 	C:\Windows\system32\mswsock.dll
0x00007ff98b6b0000 - 0x00007ff98b6c6000 	C:\Users\86158\.vscode\extensions\redhat.java-1.42.0-win32-x64\jre\21.0.7-win32-x86_64\bin\nio.dll
0x00007ff99fc30000 - 0x00007ff99fc40000 	c:\Users\86158\.vscode\extensions\redhat.java-1.42.0-win32-x64\jre\21.0.7-win32-x86_64\bin\verify.dll
0x00007ff96dfe0000 - 0x00007ff96e025000 	C:\Users\86158\AppData\Roaming\Code\User\globalStorage\redhat.java\1.42.0\config_win\org.eclipse.equinox.launcher\org.eclipse.equinox.launcher.win32.win32.x86_64_1.2.1300.v20250331-1702\eclipse_11911.dll
0x00007ff9b9bf0000 - 0x00007ff9b9d90000 	C:\Windows\System32\ole32.dll
0x00007ff9b7450000 - 0x00007ff9b746b000 	C:\Windows\SYSTEM32\CRYPTSP.dll
0x00007ff9b6cd0000 - 0x00007ff9b6d07000 	C:\Windows\system32\rsaenh.dll
0x00007ff9b72e0000 - 0x00007ff9b7308000 	C:\Windows\SYSTEM32\USERENV.dll
0x00007ff9b7440000 - 0x00007ff9b744c000 	C:\Windows\SYSTEM32\CRYPTBASE.dll
0x00007ff9b6830000 - 0x00007ff9b685d000 	C:\Windows\SYSTEM32\IPHLPAPI.DLL
0x00007ff9b9150000 - 0x00007ff9b9159000 	C:\Windows\System32\NSI.dll
0x00007ff974d20000 - 0x00007ff974d69000 	C:\Users\86158\AppData\Local\Temp\jna-53374678\jna1941134585626928525.dll
0x00007ff9b9160000 - 0x00007ff9b9168000 	C:\Windows\System32\PSAPI.DLL
0x00007ff9b2800000 - 0x00007ff9b2819000 	C:\Windows\SYSTEM32\dhcpcsvc6.DLL
0x00007ff9b2700000 - 0x00007ff9b271f000 	C:\Windows\SYSTEM32\dhcpcsvc.DLL
0x00007ff9823f0000 - 0x00007ff982417000 	C:\Users\86158\.gradle\native\c067742578af261105cb4f569cf0c3c89f3d7b1fecec35dd04571415982c5e48\windows-amd64\native-platform.dll
0x00007ff9a6580000 - 0x00007ff9a658a000 	C:\Users\86158\.vscode\extensions\redhat.java-1.42.0-win32-x64\jre\21.0.7-win32-x86_64\bin\management.dll
0x00007ff9a4350000 - 0x00007ff9a435b000 	C:\Users\86158\.vscode\extensions\redhat.java-1.42.0-win32-x64\jre\21.0.7-win32-x86_64\bin\management_ext.dll

dbghelp: loaded successfully - version: 4.0.5 - missing functions: none
symbol engine: initialized successfully - sym options: 0x614 - pdb path: .;c:\Users\86158\.vscode\extensions\redhat.java-1.42.0-win32-x64\jre\21.0.7-win32-x86_64\bin;C:\Windows\SYSTEM32;C:\Windows\WinSxS\amd64_microsoft.windows.common-controls_6595b64144ccf1df_6.0.22621.5413_none_270da5617387a498;c:\Users\86158\.vscode\extensions\redhat.java-1.42.0-win32-x64\jre\21.0.7-win32-x86_64\bin\server;C:\Users\86158\AppData\Roaming\Code\User\globalStorage\redhat.java\1.42.0\config_win\org.eclipse.equinox.launcher\org.eclipse.equinox.launcher.win32.win32.x86_64_1.2.1300.v20250331-1702;C:\Users\86158\AppData\Local\Temp\jna-53374678;C:\Users\86158\.gradle\native\c067742578af261105cb4f569cf0c3c89f3d7b1fecec35dd04571415982c5e48\windows-amd64

VM Arguments:
jvm_args: -Dfile.encoding=UTF-8 --add-modules=ALL-SYSTEM --add-opens=java.base/java.util=ALL-UNNAMED --add-opens=java.base/java.lang=ALL-UNNAMED --add-opens=java.base/sun.nio.fs=ALL-UNNAMED -Declipse.application=org.eclipse.jdt.ls.core.id1 -Dosgi.bundles.defaultStartLevel=4 -Declipse.product=org.eclipse.jdt.ls.core.product -Djava.import.generatesMetadataFilesAtProjectRoot=false -DDetectVMInstallationsJob.disabled=true -Dfile.encoding=utf8 -XX:+UseParallelGC -XX:GCTimeRatio=4 -XX:AdaptiveSizePolicyWeight=90 -Dsun.zip.disableMemoryMapping=true -Xmx1G -Xms100m -Xlog:disable -javaagent:c:\Users\86158\.vscode\extensions\redhat.java-1.42.0-win32-x64\lombok\lombok-1.18.36.jar -XX:+HeapDumpOnOutOfMemoryError -XX:HeapDumpPath=c:\Users\86158\AppData\Roaming\Code\User\workspaceStorage\a3e28cb7173b86e8b83b92aefa018547\redhat.java -Daether.dependencyCollector.impl=bf 
java_command: c:\Users\86158\.vscode\extensions\redhat.java-1.42.0-win32-x64\server\plugins\org.eclipse.equinox.launcher_1.7.0.v20250424-1814.jar -configuration c:\Users\86158\AppData\Roaming\Code\User\globalStorage\redhat.java\1.42.0\config_win -data c:\Users\86158\AppData\Roaming\Code\User\workspaceStorage\a3e28cb7173b86e8b83b92aefa018547\redhat.java\jdt_ws --pipe=\\.\pipe\lsp-744451c5e67b5fd9c7964642bfe3d68c-sock
java_class_path (initial): c:\Users\86158\.vscode\extensions\redhat.java-1.42.0-win32-x64\server\plugins\org.eclipse.equinox.launcher_1.7.0.v20250424-1814.jar
Launcher Type: SUN_STANDARD

[Global flags]
    uintx AdaptiveSizePolicyWeight                 = 90                                        {product} {command line}
     intx CICompilerCount                          = 12                                        {product} {ergonomic}
    uintx GCTimeRatio                              = 4                                         {product} {command line}
     bool HeapDumpOnOutOfMemoryError               = true                                   {manageable} {command line}
    ccstr HeapDumpPath                             = c:\Users\86158\AppData\Roaming\Code\User\workspaceStorage\a3e28cb7173b86e8b83b92aefa018547\redhat.java         {manageable} {command line}
   size_t InitialHeapSize                          = 104857600                                 {product} {command line}
   size_t MaxHeapSize                              = 1073741824                                {product} {command line}
   size_t MaxNewSize                               = 357564416                                 {product} {ergonomic}
   size_t MinHeapDeltaBytes                        = 524288                                    {product} {ergonomic}
   size_t MinHeapSize                              = 104857600                                 {product} {command line}
   size_t NewSize                                  = 34603008                                  {product} {ergonomic}
    uintx NonNMethodCodeHeapSize                   = 7602480                                {pd product} {ergonomic}
    uintx NonProfiledCodeHeapSize                  = 122027880                              {pd product} {ergonomic}
   size_t OldSize                                  = 70254592                                  {product} {ergonomic}
    uintx ProfiledCodeHeapSize                     = 122027880                              {pd product} {ergonomic}
    uintx ReservedCodeCacheSize                    = 251658240                              {pd product} {ergonomic}
     bool SegmentedCodeCache                       = true                                      {product} {ergonomic}
   size_t SoftMaxHeapSize                          = 1073741824                             {manageable} {ergonomic}
     bool UseCompressedOops                        = true                           {product lp64_product} {ergonomic}
     bool UseLargePagesIndividualAllocation        = false                                  {pd product} {ergonomic}
     bool UseParallelGC                            = true                                      {product} {command line}

Logging:
Log output configuration:
 #0: stdout all=off uptime,level,tags foldmultilines=false
 #1: stderr all=off uptime,level,tags foldmultilines=false

Environment Variables:
JAVA_HOME=C:\Program Files\Microsoft\jdk-17.0.15.6-hotspot\
JAVA_TOOL_OPTIONS=-Dfile.encoding=UTF-8
PATH=C:\Program Files\Microsoft\jdk-17.0.15.6-hotspot\bin;C:\Program Files (x86)\VMware\VMware Workstation\bin\;C:\Program Files (x86)\Razer\ChromaBroadcast\bin;C:\Program Files\Razer\ChromaBroadcast\bin;C:\Windows\system32;C:\Windows;C:\Windows\System32\Wbem;C:\Windows\System32\WindowsPowerShell\v1.0\;C:\Windows\System32\OpenSSH\;C:\Windows\system32\config\systemprofile\AppData\Local\Microsoft\WindowsApps;C:\Program Files\dotnet\;C:\Program Files (x86)\Windows Kits\8.1\Windows Performance Toolkit\;C:\TDM-GCC-64\bin;D:\MATLAB\R2018a\runtime\win64;D:\MATLAB\R2018a\bin;D:\tdm\bin;D:\Bandizip;D:\2016\runtime\win64;D:\2016\bin;D:\AndroidZhenSdk\platform-tools;D:\AndroidZhenSdk\tools;d:\cursor\resources\app\bin;D:\nodejs\;C:\Program Files\Git\cmd;C:\Program Files\Microsoft\jdk-17.0.15.6-hotspot\bin;C:\Program Files (x86)\VMware\VMware Workstation\bin\;C:\Program Files (x86)\Razer\ChromaBroadcast\bin;C:\Program Files\Razer\ChromaBroadcast\bin;C:\Windows\system32;C:\Windows;C:\Windows\System32\Wbem;C:\Windows\System32\WindowsPowerShell\v1.0\;C:\Windows\System32\OpenSSH\;C:\Windows\system32\config\systemprofile\AppData\Local\Microsoft\WindowsApps;C:\Program Files\dotnet\;C:\Program Files (x86)\Windows Kits\8.1\Windows Performance Toolkit\;C:\TDM-GCC-64\bin;D:\MATLAB\R2018a\runtime\win64;D:\MATLAB\R2018a\bin;D:\tdm\bin;D:\Bandizip;D:\2016\runtime\win64;D:\2016\bin;D:\AndroidZhenSdk\platform-tools;D:\AndroidZhenSdk\tools;d:\cursor\resources\app\bin;D:\nodejs\;C:\Program Files\Git\cmd;C:\Program Files\Microsoft\jdk-17.0.15.6-hotspot\bin;C:\Program Files (x86)\VMware\VMware Workstation\bin\;C:\Program Files (x86)\Razer\ChromaBroadcast\bin;C:\Program Files\Razer\ChromaBroadcast\bin;C:\Windows\system32;C:\Windows;C:\Windows\System32\Wbem;C:\Windows\System32\Wi;C:\Users\86158\AppData\Local\Programs\cursor\resources\app\bin
USERNAME=86158
OS=Windows_NT
PROCESSOR_IDENTIFIER=AMD64 Family 25 Model 68 Stepping 1, AuthenticAMD
TMP=C:\Users\86158\AppData\Local\Temp
TEMP=C:\Users\86158\AppData\Local\Temp




Periodic native trim disabled

---------------  S Y S T E M  ---------------

OS:
 Windows 11 , 64 bit Build 22621 (10.0.22621.5413)
OS uptime: 3 days 11:49 hours

CPU: total 16 (initial active 16) (16 cores per cpu, 2 threads per core) family 25 model 68 stepping 1 microcode 0x0, cx8, cmov, fxsr, ht, mmx, 3dnowpref, sse, sse2, sse3, ssse3, sse4a, sse4.1, sse4.2, popcnt, lzcnt, tsc, tscinvbit, avx, avx2, aes, erms, clmul, bmi1, bmi2, adx, sha, fma, vzeroupper, clflush, clflushopt, rdtscp, rdpid, fsrm, f16c, pku, cet_ss
Processor Information for processor 0
  Max Mhz: 3201, Current Mhz: 3201, Mhz Limit: 3201
Processor Information for processor 1
  Max Mhz: 3201, Current Mhz: 3201, Mhz Limit: 3201
Processor Information for processor 2
  Max Mhz: 3201, Current Mhz: 3201, Mhz Limit: 3201
Processor Information for processor 3
  Max Mhz: 3201, Current Mhz: 3201, Mhz Limit: 3201
Processor Information for processor 4
  Max Mhz: 3201, Current Mhz: 3201, Mhz Limit: 3201
Processor Information for processor 5
  Max Mhz: 3201, Current Mhz: 3201, Mhz Limit: 3201
Processor Information for processor 6
  Max Mhz: 3201, Current Mhz: 3201, Mhz Limit: 3201
Processor Information for processor 7
  Max Mhz: 3201, Current Mhz: 3201, Mhz Limit: 3201
Processor Information for processor 8
  Max Mhz: 3201, Current Mhz: 3201, Mhz Limit: 3201
Processor Information for processor 9
  Max Mhz: 3201, Current Mhz: 3201, Mhz Limit: 3201
Processor Information for processor 10
  Max Mhz: 3201, Current Mhz: 3201, Mhz Limit: 3201
Processor Information for processor 11
  Max Mhz: 3201, Current Mhz: 3201, Mhz Limit: 3201
Processor Information for processor 12
  Max Mhz: 3201, Current Mhz: 3201, Mhz Limit: 3201
Processor Information for processor 13
  Max Mhz: 3201, Current Mhz: 3201, Mhz Limit: 3201
Processor Information for processor 14
  Max Mhz: 3201, Current Mhz: 3201, Mhz Limit: 3201
Processor Information for processor 15
  Max Mhz: 3201, Current Mhz: 2508, Mhz Limit: 3201

Memory: 4k page, system-wide physical 14020M (132M free)
TotalPageFile size 49184M (AvailPageFile size 379M)
current process WorkingSet (physical memory assigned to process): 446M, peak: 446M
current process commit charge ("private bytes"): 444M, peak: 444M

vm_info: OpenJDK 64-Bit Server VM (21.0.7+6-LTS) for windows-amd64 JRE (21.0.7+6-LTS), built on 2025-04-15T00:00:00Z by "admin" with MS VC++ 17.7 (VS2022)

END.
