#
# There is insufficient memory for the Java Runtime Environment to continue.
# Native memory allocation (malloc) failed to allocate 743456 bytes. Error detail: Chunk::new
# Possible reasons:
#   The system is out of physical RAM or swap space
#   This process is running with CompressedOops enabled, and the Java Heap may be blocking the growth of the native heap
# Possible solutions:
#   Reduce memory load on the system
#   Increase physical memory or swap space
#   Check if swap backing store is full
#   Decrease Java heap size (-Xmx/-Xms)
#   Decrease number of Java threads
#   Decrease Java thread stack sizes (-Xss)
#   Set larger code cache with -XX:ReservedCodeCacheSize=
#   JVM is running with Unscaled Compressed Oops mode in which the Java heap is
#     placed in the first 4GB address space. The Java Heap base address is the
#     maximum limit for the native heap growth. Please use -XX:HeapBaseMinAddress
#     to set the Java Heap base and to place the Java Heap above 4GB virtual address.
# This output file may be truncated or incomplete.
#
#  Out of Memory Error (arena.cpp:168), pid=173872, tid=177772
#
# JRE version: OpenJDK Runtime Environment Temurin-21.0.7+6 (21.0.7+6) (build 21.0.7+6-LTS)
# Java VM: OpenJDK 64-Bit Server VM Temurin-21.0.7+6 (21.0.7+6-LTS, mixed mode, sharing, tiered, compressed oops, compressed class ptrs, parallel gc, windows-amd64)
# No core dump will be written. Minidumps are not enabled by default on client versions of Windows
#

---------------  S U M M A R Y ------------

Command Line: -Dfile.encoding=UTF-8 --add-modules=ALL-SYSTEM --add-opens=java.base/java.util=ALL-UNNAMED --add-opens=java.base/java.lang=ALL-UNNAMED --add-opens=java.base/sun.nio.fs=ALL-UNNAMED -Declipse.application=org.eclipse.jdt.ls.core.id1 -Dosgi.bundles.defaultStartLevel=4 -Declipse.product=org.eclipse.jdt.ls.core.product -Djava.import.generatesMetadataFilesAtProjectRoot=false -DDetectVMInstallationsJob.disabled=true -Dfile.encoding=utf8 -XX:+UseParallelGC -XX:GCTimeRatio=4 -XX:AdaptiveSizePolicyWeight=90 -Dsun.zip.disableMemoryMapping=true -Xmx1G -Xms100m -Xlog:disable -javaagent:c:\Users\86158\.cursor\extensions\redhat.java-1.42.0-win32-x64\lombok\lombok-1.18.36.jar c:\Users\86158\.cursor\extensions\redhat.java-1.42.0-win32-x64\server\plugins\org.eclipse.equinox.launcher_1.7.0.v20250424-1814.jar -configuration c:\Users\86158\AppData\Roaming\Cursor\User\globalStorage\redhat.java\1.42.0\config_ss_win -data c:\Users\86158\AppData\Roaming\Cursor\User\workspaceStorage\a3e28cb7173b86e8b83b92aefa018547\redhat.java\ss_ws --pipe=\\.\pipe\lsp-e728499f5f32f6275b0195ca22c82c91-sock

Host: AMD Ryzen 7 6800H with Radeon Graphics         , 16 cores, 13G,  Windows 11 , 64 bit Build 22621 (10.0.22621.5413)
Time: Sun Jun  8 05:00:05 2025  Windows 11 , 64 bit Build 22621 (10.0.22621.5413) elapsed time: 3.876022 seconds (0d 0h 0m 3s)

---------------  T H R E A D  ---------------

Current thread (0x00000218660823f0):  JavaThread "C2 CompilerThread0" daemon [_thread_in_native, id=177772, stack(0x000000f556900000,0x000000f556a00000) (1024K)]


Current CompileTask:
C2:3876 2730       4       org.lombokweb.asm.ClassReader::readMethod (1070 bytes)

Stack: [0x000000f556900000,0x000000f556a00000]
Native frames: (J=compiled Java code, j=interpreted, Vv=VM code, C=native code)
V  [jvm.dll+0x6ce119]
V  [jvm.dll+0x8a84a1]
V  [jvm.dll+0x8aa9ce]
V  [jvm.dll+0x8ab0b3]
V  [jvm.dll+0x27f8a6]
V  [jvm.dll+0xc507d]
V  [jvm.dll+0xc55b3]
V  [jvm.dll+0x2f2c6d]
V  [jvm.dll+0x5f6bca]
V  [jvm.dll+0x250cb2]
V  [jvm.dll+0x25106f]
V  [jvm.dll+0x249934]
V  [jvm.dll+0x246fc4]
V  [jvm.dll+0x1c760e]
V  [jvm.dll+0x25695a]
V  [jvm.dll+0x254efa]
V  [jvm.dll+0x3f03f6]
V  [jvm.dll+0x851f6b]
V  [jvm.dll+0x6cc7dd]
C  [ucrtbase.dll+0x29333]
C  [KERNEL32.DLL+0x1259d]
C  [ntdll.dll+0x5af78]


---------------  P R O C E S S  ---------------

Threads class SMR info:
_java_thread_list=0x000002186cc27b00, length=22, elements={
0x000002180f7a84d0, 0x0000021823b7aff0, 0x0000021823b7c7f0, 0x0000021866075ad0,
0x00000218660769e0, 0x000002186607ac10, 0x000002186607fca0, 0x00000218660823f0,
0x00000218660952b0, 0x00000218661686c0, 0x000002186616c740, 0x000002186616edf0,
0x000002186c011620, 0x000002186c62acf0, 0x000002186c9c7730, 0x000002186c9066d0,
0x000002186c906d30, 0x000002186c5cd5f0, 0x000002186c502850, 0x000002186ca1b490,
0x000002186cbb4150, 0x000002186cc290d0
}

Java Threads: ( => current thread )
  0x000002180f7a84d0 JavaThread "main"                              [_thread_blocked, id=177368, stack(0x000000f555f00000,0x000000f556000000) (1024K)]
  0x0000021823b7aff0 JavaThread "Reference Handler"          daemon [_thread_blocked, id=173400, stack(0x000000f556300000,0x000000f556400000) (1024K)]
  0x0000021823b7c7f0 JavaThread "Finalizer"                  daemon [_thread_blocked, id=140628, stack(0x000000f556400000,0x000000f556500000) (1024K)]
  0x0000021866075ad0 JavaThread "Signal Dispatcher"          daemon [_thread_blocked, id=167872, stack(0x000000f556500000,0x000000f556600000) (1024K)]
  0x00000218660769e0 JavaThread "Attach Listener"            daemon [_thread_blocked, id=174872, stack(0x000000f556600000,0x000000f556700000) (1024K)]
  0x000002186607ac10 JavaThread "Service Thread"             daemon [_thread_blocked, id=167464, stack(0x000000f556700000,0x000000f556800000) (1024K)]
  0x000002186607fca0 JavaThread "Monitor Deflation Thread"   daemon [_thread_blocked, id=171764, stack(0x000000f556800000,0x000000f556900000) (1024K)]
=>0x00000218660823f0 JavaThread "C2 CompilerThread0"         daemon [_thread_in_native, id=177772, stack(0x000000f556900000,0x000000f556a00000) (1024K)]
  0x00000218660952b0 JavaThread "C1 CompilerThread0"         daemon [_thread_blocked, id=174948, stack(0x000000f556a00000,0x000000f556b00000) (1024K)]
  0x00000218661686c0 JavaThread "Common-Cleaner"             daemon [_thread_blocked, id=176636, stack(0x000000f556b00000,0x000000f556c00000) (1024K)]
  0x000002186616c740 JavaThread "C1 CompilerThread1"         daemon [_thread_blocked, id=173740, stack(0x000000f556c00000,0x000000f556d00000) (1024K)]
  0x000002186616edf0 JavaThread "C1 CompilerThread2"         daemon [_thread_blocked, id=161752, stack(0x000000f556d00000,0x000000f556e00000) (1024K)]
  0x000002186c011620 JavaThread "Notification Thread"        daemon [_thread_blocked, id=176572, stack(0x000000f556f00000,0x000000f557000000) (1024K)]
  0x000002186c62acf0 JavaThread "Active Thread: Equinox Container: fc782557-c868-4b98-a979-f2aa49b1128e"        [_thread_blocked, id=152108, stack(0x000000f557600000,0x000000f557700000) (1024K)]
  0x000002186c9c7730 JavaThread "C1 CompilerThread3"         daemon [_thread_in_vm, id=151368, stack(0x000000f557700000,0x000000f557800000) (1024K)]
  0x000002186c9066d0 JavaThread "Framework Event Dispatcher: Equinox Container: fc782557-c868-4b98-a979-f2aa49b1128e" daemon [_thread_blocked, id=124288, stack(0x000000f557800000,0x000000f557900000) (1024K)]
  0x000002186c906d30 JavaThread "Start Level: Equinox Container: fc782557-c868-4b98-a979-f2aa49b1128e" daemon [_thread_in_native, id=145028, stack(0x000000f557900000,0x000000f557a00000) (1024K)]
  0x000002186c5cd5f0 JavaThread "SCR Component Actor"        daemon [_thread_blocked, id=113048, stack(0x000000f557b00000,0x000000f557c00000) (1024K)]
  0x000002186c502850 JavaThread "SCR Component Registry"     daemon [_thread_blocked, id=141060, stack(0x000000f556e00000,0x000000f556f00000) (1024K)]
  0x000002186ca1b490 JavaThread "Worker-JM"                         [_thread_blocked, id=174960, stack(0x000000f557c00000,0x000000f557d00000) (1024K)]
  0x000002186cbb4150 JavaThread "Worker-0"                          [_thread_blocked, id=169464, stack(0x000000f558000000,0x000000f558100000) (1024K)]
  0x000002186cc290d0 JavaThread "Worker-1"                          [_thread_blocked, id=166616, stack(0x000000f558100000,0x000000f558200000) (1024K)]
Total: 22

Other Threads:
  0x0000021823b74930 VMThread "VM Thread"                           [id=164300, stack(0x000000f556200000,0x000000f556300000) (1024K)]
  0x0000021823a6ba00 WatcherThread "VM Periodic Task Thread"        [id=162048, stack(0x000000f556100000,0x000000f556200000) (1024K)]
  0x000002180f7c6f30 WorkerThread "GC Thread#0"                     [id=175852, stack(0x000000f556000000,0x000000f556100000) (1024K)]
  0x000002186c5a99a0 WorkerThread "GC Thread#1"                     [id=136144, stack(0x000000f557000000,0x000000f557100000) (1024K)]
  0x000002186c1cdb20 WorkerThread "GC Thread#2"                     [id=102752, stack(0x000000f557100000,0x000000f557200000) (1024K)]
  0x000002186c1cdec0 WorkerThread "GC Thread#3"                     [id=141924, stack(0x000000f557200000,0x000000f557300000) (1024K)]
  0x000002186c200d10 WorkerThread "GC Thread#4"                     [id=32368, stack(0x000000f557300000,0x000000f557400000) (1024K)]
  0x000002186c2018d0 WorkerThread "GC Thread#5"                     [id=160152, stack(0x000000f557400000,0x000000f557500000) (1024K)]
  0x000002186c201c70 WorkerThread "GC Thread#6"                     [id=31620, stack(0x000000f557500000,0x000000f557600000) (1024K)]
  0x000002186c4fefa0 WorkerThread "GC Thread#7"                     [id=35504, stack(0x000000f557a00000,0x000000f557b00000) (1024K)]
  0x000002186cc9e290 WorkerThread "GC Thread#8"                     [id=132568, stack(0x000000f557d00000,0x000000f557e00000) (1024K)]
  0x000002186cc9def0 WorkerThread "GC Thread#9"                     [id=63080, stack(0x000000f557e00000,0x000000f557f00000) (1024K)]
  0x000002186cc9f110 WorkerThread "GC Thread#10"                    [id=164968, stack(0x000000f557f00000,0x000000f558000000) (1024K)]
  0x000002186cc9e630 WorkerThread "GC Thread#11"                    [id=170620, stack(0x000000f558200000,0x000000f558300000) (1024K)]
  0x000002186cc9e9d0 WorkerThread "GC Thread#12"                    [id=166536, stack(0x000000f558300000,0x000000f558400000) (1024K)]
Total: 15

Threads with active compile tasks:
C2 CompilerThread0  3938 2730       4       org.lombokweb.asm.ClassReader::readMethod (1070 bytes)
Total: 1

VM state: not at safepoint (normal execution)

VM Mutex/Monitor currently owned by a thread: None

Heap address: 0x00000000c0000000, size: 1024 MB, Compressed Oops mode: 32-bit

CDS archive(s) mapped at: [0x0000021824000000-0x0000021824ba0000-0x0000021824ba0000), size 12189696, SharedBaseAddress: 0x0000021824000000, ArchiveRelocationMode: 1.
Compressed class space mapped at: 0x0000021825000000-0x0000021865000000, reserved size: 1073741824
Narrow klass base: 0x0000021824000000, Narrow klass shift: 0, Narrow klass range: 0x100000000

GC Precious Log:
 CardTable entry size: 512
 CPUs: 16 total, 16 available
 Memory: 14020M
 Large Page Support: Disabled
 NUMA Support: Disabled
 Compressed Oops: Enabled (32-bit)
 Alignments: Space 512K, Generation 512K, Heap 2M
 Heap Min Capacity: 100M
 Heap Initial Capacity: 100M
 Heap Max Capacity: 1G
 Pre-touch: Disabled
 Parallel Workers: 13

Heap:
 PSYoungGen      total 29184K, used 21400K [0x00000000eab00000, 0x00000000ece80000, 0x0000000100000000)
  eden space 25088K, 69% used [0x00000000eab00000,0x00000000ebbe8e68,0x00000000ec380000)
  from space 4096K, 99% used [0x00000000ec400000,0x00000000ec7fd288,0x00000000ec800000)
  to   space 5632K, 0% used [0x00000000ec900000,0x00000000ec900000,0x00000000ece80000)
 ParOldGen       total 68608K, used 5995K [0x00000000c0000000, 0x00000000c4300000, 0x00000000eab00000)
  object space 68608K, 8% used [0x00000000c0000000,0x00000000c05daee0,0x00000000c4300000)
 Metaspace       used 20661K, committed 21248K, reserved 1114112K
  class space    used 1927K, committed 2176K, reserved 1048576K

Card table byte_map: [0x000002180f170000,0x000002180f380000] _byte_map_base: 0x000002180eb70000

Marking Bits: (ParMarkBitMap*) 0x00007ff92ebd31f0
 Begin Bits: [0x0000021821990000, 0x0000021822990000)
 End Bits:   [0x0000021822990000, 0x0000021823990000)

Polling page: 0x000002180ef60000

Metaspace:

Usage:
  Non-class:     18.29 MB used.
      Class:      1.88 MB used.
       Both:     20.18 MB used.

Virtual space:
  Non-class space:       64.00 MB reserved,      18.62 MB ( 29%) committed,  1 nodes.
      Class space:        1.00 GB reserved,       2.12 MB ( <1%) committed,  1 nodes.
             Both:        1.06 GB reserved,      20.75 MB (  2%) committed. 

Chunk freelists:
   Non-Class:  13.39 MB
       Class:  13.88 MB
        Both:  27.27 MB

MaxMetaspaceSize: unlimited
CompressedClassSpaceSize: 1.00 GB
Initial GC threshold: 21.00 MB
Current GC threshold: 21.00 MB
CDS: on
 - commit_granule_bytes: 65536.
 - commit_granule_words: 8192.
 - virtual_space_node_default_size: 8388608.
 - enlarge_chunks_in_place: 1.
 - use_allocation_guard: 0.


Internal statistics:

num_allocs_failed_limit: 0.
num_arena_births: 496.
num_arena_deaths: 0.
num_vsnodes_births: 2.
num_vsnodes_deaths: 0.
num_space_committed: 332.
num_space_uncommitted: 0.
num_chunks_returned_to_freelist: 0.
num_chunks_taken_from_freelist: 1246.
num_chunk_merges: 0.
num_chunk_splits: 836.
num_chunks_enlarged: 542.
num_inconsistent_stats: 0.

CodeHeap 'non-profiled nmethods': size=119168Kb used=1093Kb max_used=1093Kb free=118074Kb
 bounds [0x000002181a530000, 0x000002181a7a0000, 0x0000021821990000]
CodeHeap 'profiled nmethods': size=119104Kb used=5563Kb max_used=5563Kb free=113540Kb
 bounds [0x0000021812990000, 0x0000021812f00000, 0x0000021819de0000]
CodeHeap 'non-nmethods': size=7488Kb used=2996Kb max_used=3014Kb free=4491Kb
 bounds [0x0000021819de0000, 0x000002181a0e0000, 0x000002181a530000]
 total_blobs=3377 nmethods=2784 adapters=496
 compilation: enabled
              stopped_count=0, restarted_count=0
 full_count=0

Compilation events (20 events):
Event: 3.736 Thread 0x000002186616c740 2765       3       java.lang.reflect.Field::checkAccess (32 bytes)
Event: 3.736 Thread 0x000002186616edf0 nmethod 2764 0x0000021812eebf90 code [0x0000021812eec140, 0x0000021812eec3e8]
Event: 3.736 Thread 0x00000218660952b0 nmethod 2766 0x0000021812eec510 code [0x0000021812eec6c0, 0x0000021812eec848]
Event: 3.736 Thread 0x000002186616c740 nmethod 2765 0x0000021812eec910 code [0x0000021812eecae0, 0x0000021812eecd60]
Event: 3.772 Thread 0x000002186616c740 2767       3       java.io.File::isFile (34 bytes)
Event: 3.773 Thread 0x000002186616c740 nmethod 2767 0x0000021812eece90 code [0x0000021812eed080, 0x0000021812eed488]
Event: 3.787 Thread 0x000002186616c740 2768       3       jdk.internal.reflect.ReflectionFactory::getExecutableSharedParameterTypes (11 bytes)
Event: 3.787 Thread 0x000002186c9c7730 2769       3       java.lang.reflect.ReflectAccess::getExecutableSharedParameterTypes (5 bytes)
Event: 3.787 Thread 0x000002186c9c7730 nmethod 2769 0x0000021812eed610 code [0x0000021812eed7c0, 0x0000021812eed998]
Event: 3.787 Thread 0x000002186616c740 nmethod 2768 0x0000021812eeda90 code [0x0000021812eedc40, 0x0000021812eedeb8]
Event: 3.796 Thread 0x000002186c9c7730 2773       3       java.util.concurrent.ConcurrentHashMap::values (25 bytes)
Event: 3.796 Thread 0x000002186616edf0 2774       3       java.util.concurrent.ConcurrentHashMap$ValuesView::iterator (34 bytes)
Event: 3.796 Thread 0x000002186616c740 2775       3       java.util.concurrent.ConcurrentHashMap$ValueIterator::<init> (12 bytes)
Event: 3.797 Thread 0x000002186616c740 nmethod 2775 0x0000021812eee010 code [0x0000021812eee1c0, 0x0000021812eee2f8]
Event: 3.797 Thread 0x000002186616edf0 nmethod 2774 0x0000021812eee390 code [0x0000021812eee540, 0x0000021812eee768]
Event: 3.797 Thread 0x000002186c9c7730 nmethod 2773 0x0000021812eee890 code [0x0000021812eeea60, 0x0000021812eeed68]
Event: 3.808 Thread 0x000002186616edf0 2776 %     3       lombok.launch.PackageShader::apply @ 76 (252 bytes)
Event: 3.810 Thread 0x000002186616edf0 nmethod 2776% 0x0000021812eeee90 code [0x0000021812eef100, 0x0000021812eeff70]
Event: 3.818 Thread 0x000002186616edf0 2777       1       org.eclipse.osgi.internal.loader.EquinoxClassLoader::getDebug (5 bytes)
Event: 3.819 Thread 0x000002186616edf0 nmethod 2777 0x000002181a640d10 code [0x000002181a640ea0, 0x000002181a640f68]

GC Heap History (10 events):
Event: 0.913 GC heap before
{Heap before GC invocations=1 (full 0):
 PSYoungGen      total 29696K, used 25600K [0x00000000eab00000, 0x00000000ecc00000, 0x0000000100000000)
  eden space 25600K, 100% used [0x00000000eab00000,0x00000000ec400000,0x00000000ec400000)
  from space 4096K, 0% used [0x00000000ec800000,0x00000000ec800000,0x00000000ecc00000)
  to   space 4096K, 0% used [0x00000000ec400000,0x00000000ec400000,0x00000000ec800000)
 ParOldGen       total 68608K, used 0K [0x00000000c0000000, 0x00000000c4300000, 0x00000000eab00000)
  object space 68608K, 0% used [0x00000000c0000000,0x00000000c0000000,0x00000000c4300000)
 Metaspace       used 4205K, committed 4480K, reserved 1114112K
  class space    used 453K, committed 576K, reserved 1048576K
}
Event: 0.924 GC heap after
{Heap after GC invocations=1 (full 0):
 PSYoungGen      total 29696K, used 4015K [0x00000000eab00000, 0x00000000ecc00000, 0x0000000100000000)
  eden space 25600K, 0% used [0x00000000eab00000,0x00000000eab00000,0x00000000ec400000)
  from space 4096K, 98% used [0x00000000ec400000,0x00000000ec7ebea0,0x00000000ec800000)
  to   space 4096K, 0% used [0x00000000ec800000,0x00000000ec800000,0x00000000ecc00000)
 ParOldGen       total 68608K, used 8K [0x00000000c0000000, 0x00000000c4300000, 0x00000000eab00000)
  object space 68608K, 0% used [0x00000000c0000000,0x00000000c0002000,0x00000000c4300000)
 Metaspace       used 4205K, committed 4480K, reserved 1114112K
  class space    used 453K, committed 576K, reserved 1048576K
}
Event: 1.994 GC heap before
{Heap before GC invocations=2 (full 0):
 PSYoungGen      total 29696K, used 29615K [0x00000000eab00000, 0x00000000ecc00000, 0x0000000100000000)
  eden space 25600K, 100% used [0x00000000eab00000,0x00000000ec400000,0x00000000ec400000)
  from space 4096K, 98% used [0x00000000ec400000,0x00000000ec7ebea0,0x00000000ec800000)
  to   space 4096K, 0% used [0x00000000ec800000,0x00000000ec800000,0x00000000ecc00000)
 ParOldGen       total 68608K, used 8K [0x00000000c0000000, 0x00000000c4300000, 0x00000000eab00000)
  object space 68608K, 0% used [0x00000000c0000000,0x00000000c0002000,0x00000000c4300000)
 Metaspace       used 8117K, committed 8384K, reserved 1114112K
  class space    used 822K, committed 960K, reserved 1048576K
}
Event: 2.000 GC heap after
{Heap after GC invocations=2 (full 0):
 PSYoungGen      total 29696K, used 4076K [0x00000000eab00000, 0x00000000ecc00000, 0x0000000100000000)
  eden space 25600K, 0% used [0x00000000eab00000,0x00000000eab00000,0x00000000ec400000)
  from space 4096K, 99% used [0x00000000ec800000,0x00000000ecbfb1f8,0x00000000ecc00000)
  to   space 4096K, 0% used [0x00000000ec400000,0x00000000ec400000,0x00000000ec800000)
 ParOldGen       total 68608K, used 975K [0x00000000c0000000, 0x00000000c4300000, 0x00000000eab00000)
  object space 68608K, 1% used [0x00000000c0000000,0x00000000c00f3eb8,0x00000000c4300000)
 Metaspace       used 8117K, committed 8384K, reserved 1114112K
  class space    used 822K, committed 960K, reserved 1048576K
}
Event: 2.797 GC heap before
{Heap before GC invocations=3 (full 0):
 PSYoungGen      total 29696K, used 29676K [0x00000000eab00000, 0x00000000ecc00000, 0x0000000100000000)
  eden space 25600K, 100% used [0x00000000eab00000,0x00000000ec400000,0x00000000ec400000)
  from space 4096K, 99% used [0x00000000ec800000,0x00000000ecbfb1f8,0x00000000ecc00000)
  to   space 4096K, 0% used [0x00000000ec400000,0x00000000ec400000,0x00000000ec800000)
 ParOldGen       total 68608K, used 975K [0x00000000c0000000, 0x00000000c4300000, 0x00000000eab00000)
  object space 68608K, 1% used [0x00000000c0000000,0x00000000c00f3eb8,0x00000000c4300000)
 Metaspace       used 12908K, committed 13440K, reserved 1114112K
  class space    used 1314K, committed 1536K, reserved 1048576K
}
Event: 2.801 GC heap after
{Heap after GC invocations=3 (full 0):
 PSYoungGen      total 29696K, used 4075K [0x00000000eab00000, 0x00000000ecc00000, 0x0000000100000000)
  eden space 25600K, 0% used [0x00000000eab00000,0x00000000eab00000,0x00000000ec400000)
  from space 4096K, 99% used [0x00000000ec400000,0x00000000ec7faf38,0x00000000ec800000)
  to   space 4096K, 0% used [0x00000000ec800000,0x00000000ec800000,0x00000000ecc00000)
 ParOldGen       total 68608K, used 2694K [0x00000000c0000000, 0x00000000c4300000, 0x00000000eab00000)
  object space 68608K, 3% used [0x00000000c0000000,0x00000000c02a19f0,0x00000000c4300000)
 Metaspace       used 12908K, committed 13440K, reserved 1114112K
  class space    used 1314K, committed 1536K, reserved 1048576K
}
Event: 3.313 GC heap before
{Heap before GC invocations=4 (full 0):
 PSYoungGen      total 29696K, used 29675K [0x00000000eab00000, 0x00000000ecc00000, 0x0000000100000000)
  eden space 25600K, 100% used [0x00000000eab00000,0x00000000ec400000,0x00000000ec400000)
  from space 4096K, 99% used [0x00000000ec400000,0x00000000ec7faf38,0x00000000ec800000)
  to   space 4096K, 0% used [0x00000000ec800000,0x00000000ec800000,0x00000000ecc00000)
 ParOldGen       total 68608K, used 2694K [0x00000000c0000000, 0x00000000c4300000, 0x00000000eab00000)
  object space 68608K, 3% used [0x00000000c0000000,0x00000000c02a19f0,0x00000000c4300000)
 Metaspace       used 16004K, committed 16640K, reserved 1114112K
  class space    used 1607K, committed 1856K, reserved 1048576K
}
Event: 3.317 GC heap after
{Heap after GC invocations=4 (full 0):
 PSYoungGen      total 29696K, used 4082K [0x00000000eab00000, 0x00000000ecc00000, 0x0000000100000000)
  eden space 25600K, 0% used [0x00000000eab00000,0x00000000eab00000,0x00000000ec400000)
  from space 4096K, 99% used [0x00000000ec800000,0x00000000ecbfcac0,0x00000000ecc00000)
  to   space 4096K, 0% used [0x00000000ec400000,0x00000000ec400000,0x00000000ec800000)
 ParOldGen       total 68608K, used 5475K [0x00000000c0000000, 0x00000000c4300000, 0x00000000eab00000)
  object space 68608K, 7% used [0x00000000c0000000,0x00000000c0558d20,0x00000000c4300000)
 Metaspace       used 16004K, committed 16640K, reserved 1114112K
  class space    used 1607K, committed 1856K, reserved 1048576K
}
Event: 3.656 GC heap before
{Heap before GC invocations=5 (full 0):
 PSYoungGen      total 29696K, used 29682K [0x00000000eab00000, 0x00000000ecc00000, 0x0000000100000000)
  eden space 25600K, 100% used [0x00000000eab00000,0x00000000ec400000,0x00000000ec400000)
  from space 4096K, 99% used [0x00000000ec800000,0x00000000ecbfcac0,0x00000000ecc00000)
  to   space 4096K, 0% used [0x00000000ec400000,0x00000000ec400000,0x00000000ec800000)
 ParOldGen       total 68608K, used 5475K [0x00000000c0000000, 0x00000000c4300000, 0x00000000eab00000)
  object space 68608K, 7% used [0x00000000c0000000,0x00000000c0558d20,0x00000000c4300000)
 Metaspace       used 19932K, committed 20544K, reserved 1114112K
  class space    used 1889K, committed 2176K, reserved 1048576K
}
Event: 3.660 GC heap after
{Heap after GC invocations=5 (full 0):
 PSYoungGen      total 29184K, used 4084K [0x00000000eab00000, 0x00000000ece80000, 0x0000000100000000)
  eden space 25088K, 0% used [0x00000000eab00000,0x00000000eab00000,0x00000000ec380000)
  from space 4096K, 99% used [0x00000000ec400000,0x00000000ec7fd288,0x00000000ec800000)
  to   space 5632K, 0% used [0x00000000ec900000,0x00000000ec900000,0x00000000ece80000)
 ParOldGen       total 68608K, used 5995K [0x00000000c0000000, 0x00000000c4300000, 0x00000000eab00000)
  object space 68608K, 8% used [0x00000000c0000000,0x00000000c05daee0,0x00000000c4300000)
 Metaspace       used 19932K, committed 20544K, reserved 1114112K
  class space    used 1889K, committed 2176K, reserved 1048576K
}

Dll operation events (9 events):
Event: 0.023 Loaded shared library c:\Users\86158\.cursor\extensions\redhat.java-1.42.0-win32-x64\jre\21.0.7-win32-x86_64\bin\java.dll
Event: 0.061 Loaded shared library c:\Users\86158\.cursor\extensions\redhat.java-1.42.0-win32-x64\jre\21.0.7-win32-x86_64\bin\zip.dll
Event: 0.134 Loaded shared library C:\Users\86158\.cursor\extensions\redhat.java-1.42.0-win32-x64\jre\21.0.7-win32-x86_64\bin\instrument.dll
Event: 0.144 Loaded shared library C:\Users\86158\.cursor\extensions\redhat.java-1.42.0-win32-x64\jre\21.0.7-win32-x86_64\bin\net.dll
Event: 0.149 Loaded shared library C:\Users\86158\.cursor\extensions\redhat.java-1.42.0-win32-x64\jre\21.0.7-win32-x86_64\bin\nio.dll
Event: 0.155 Loaded shared library C:\Users\86158\.cursor\extensions\redhat.java-1.42.0-win32-x64\jre\21.0.7-win32-x86_64\bin\zip.dll
Event: 0.175 Loaded shared library C:\Users\86158\.cursor\extensions\redhat.java-1.42.0-win32-x64\jre\21.0.7-win32-x86_64\bin\jimage.dll
Event: 0.288 Loaded shared library c:\Users\86158\.cursor\extensions\redhat.java-1.42.0-win32-x64\jre\21.0.7-win32-x86_64\bin\verify.dll
Event: 2.015 Loaded shared library C:\Users\86158\AppData\Roaming\Cursor\User\globalStorage\redhat.java\1.42.0\config_ss_win\org.eclipse.equinox.launcher\org.eclipse.equinox.launcher.win32.win32.x86_64_1.2.1300.v20250331-1702\eclipse_11911.dll

Deoptimization events (20 events):
Event: 3.216 Thread 0x000002186c906d30 Uncommon trap: trap_request=0xffffff45 fr.pc=0x000002181a625a64 relative=0x00000000000006a4
Event: 3.216 Thread 0x000002186c906d30 Uncommon trap: reason=unstable_if action=reinterpret pc=0x000002181a625a64 method=java.util.regex.Matcher.search(I)Z @ 30 c2
Event: 3.216 Thread 0x000002186c906d30 DEOPT PACKING pc=0x000002181a625a64 sp=0x000000f5579f3730
Event: 3.216 Thread 0x000002186c906d30 DEOPT UNPACKING pc=0x0000021819e33aa2 sp=0x000000f5579f3700 mode 2
Event: 3.216 Thread 0x000002186c906d30 Uncommon trap: trap_request=0xffffffde fr.pc=0x000002181a627314 relative=0x00000000000003b4
Event: 3.216 Thread 0x000002186c906d30 Uncommon trap: reason=class_check action=maybe_recompile pc=0x000002181a627314 method=java.util.regex.Pattern$BmpCharPropertyGreedy.match(Ljava/util/regex/Matcher;ILjava/lang/CharSequence;)Z @ 70 c2
Event: 3.216 Thread 0x000002186c906d30 DEOPT PACKING pc=0x000002181a627314 sp=0x000000f5579f3390
Event: 3.216 Thread 0x000002186c906d30 DEOPT UNPACKING pc=0x0000021819e33aa2 sp=0x000000f5579f3338 mode 2
Event: 3.216 Thread 0x000002186c906d30 Uncommon trap: trap_request=0xffffffde fr.pc=0x000002181a627314 relative=0x00000000000003b4
Event: 3.216 Thread 0x000002186c906d30 Uncommon trap: reason=class_check action=maybe_recompile pc=0x000002181a627314 method=java.util.regex.Pattern$BmpCharPropertyGreedy.match(Ljava/util/regex/Matcher;ILjava/lang/CharSequence;)Z @ 70 c2
Event: 3.216 Thread 0x000002186c906d30 DEOPT PACKING pc=0x000002181a627314 sp=0x000000f5579f31e0
Event: 3.216 Thread 0x000002186c906d30 DEOPT UNPACKING pc=0x0000021819e33aa2 sp=0x000000f5579f3188 mode 2
Event: 3.577 Thread 0x000002186c906d30 Uncommon trap: trap_request=0xffffff45 fr.pc=0x000002181a63cdec relative=0x000000000000014c
Event: 3.577 Thread 0x000002186c906d30 Uncommon trap: reason=unstable_if action=reinterpret pc=0x000002181a63cdec method=org.lombokweb.asm.ByteVector.putByteArray([BII)Lorg/lombokweb/asm/ByteVector; @ 20 c2
Event: 3.577 Thread 0x000002186c906d30 DEOPT PACKING pc=0x000002181a63cdec sp=0x000000f5579f28c0
Event: 3.577 Thread 0x000002186c906d30 DEOPT UNPACKING pc=0x0000021819e33aa2 sp=0x000000f5579f2890 mode 2
Event: 3.644 Thread 0x000002186c906d30 DEOPT PACKING pc=0x0000021812ae69b9 sp=0x000000f5579f1c10
Event: 3.644 Thread 0x000002186c906d30 DEOPT UNPACKING pc=0x0000021819e34242 sp=0x000000f5579f1110 mode 0
Event: 3.675 Thread 0x000002186c906d30 DEOPT PACKING pc=0x0000021812ad9326 sp=0x000000f5579f9a90
Event: 3.675 Thread 0x000002186c906d30 DEOPT UNPACKING pc=0x0000021819e34242 sp=0x000000f5579f8f88 mode 0

Classes loaded (20 events):
Event: 3.230 Loading class java/io/StringReader
Event: 3.231 Loading class java/io/StringReader done
Event: 3.236 Loading class java/util/zip/GZIPInputStream
Event: 3.236 Loading class java/util/zip/GZIPInputStream done
Event: 3.244 Loading class java/net/SocketTimeoutException
Event: 3.244 Loading class java/io/InterruptedIOException
Event: 3.244 Loading class java/io/InterruptedIOException done
Event: 3.244 Loading class java/net/SocketTimeoutException done
Event: 3.244 Loading class java/net/SocketException
Event: 3.244 Loading class java/net/SocketException done
Event: 3.244 Loading class java/net/UnknownHostException
Event: 3.244 Loading class java/net/UnknownHostException done
Event: 3.244 Loading class java/net/ProtocolException
Event: 3.244 Loading class java/net/ProtocolException done
Event: 3.263 Loading class java/lang/ThreadLocal$SuppliedThreadLocal
Event: 3.264 Loading class java/lang/ThreadLocal$SuppliedThreadLocal done
Event: 3.269 Loading class java/lang/NegativeArraySizeException
Event: 3.269 Loading class java/lang/NegativeArraySizeException done
Event: 3.273 Loading class java/io/FileWriter
Event: 3.273 Loading class java/io/FileWriter done

Classes unloaded (0 events):
No events

Classes redefined (0 events):
No events

Internal exceptions (20 events):
Event: 2.833 Thread 0x000002186c906d30 Exception <a 'java/lang/NoSuchMethodError'{0x00000000eac5c1b0}: 'java.lang.Object java.lang.invoke.DelegatingMethodHandle$Holder.reinvoke_L(java.lang.Object, java.lang.Object, java.lang.Object, java.lang.Object, int, int)'> (0x00000000eac5c1b0) 
thrown [s\src\hotspot\share\interpreter\linkResolver.cpp, line 773]
Event: 2.836 Thread 0x000002186c906d30 Exception <a 'java/lang/NoSuchMethodError'{0x00000000eac83698}: 'java.lang.Object java.lang.invoke.DirectMethodHandle$Holder.newInvokeSpecial(java.lang.Object, java.lang.Object, java.lang.Object, java.lang.Object, java.lang.Object, java.lang.Object)'> (0x00000000eac83698) 
thrown [s\src\hotspot\share\interpreter\linkResolver.cpp, line 773]
Event: 2.839 Thread 0x000002186c906d30 Exception <a 'java/lang/NoSuchMethodError'{0x00000000eacaf940}: 'void java.lang.invoke.Invokers$Holder.invokeExact_MT(java.lang.Object, java.lang.Object, java.lang.Object, java.lang.Object)'> (0x00000000eacaf940) 
thrown [s\src\hotspot\share\interpreter\linkResolver.cpp, line 773]
Event: 2.931 Thread 0x000002186c906d30 Exception <a 'java/io/FileNotFoundException'{0x00000000eae31e80}> (0x00000000eae31e80) 
thrown [s\src\hotspot\share\prims\jni.cpp, line 520]
Event: 2.933 Thread 0x000002186c906d30 Exception <a 'java/io/FileNotFoundException'{0x00000000eae39438}> (0x00000000eae39438) 
thrown [s\src\hotspot\share\prims\jni.cpp, line 520]
Event: 3.084 Thread 0x000002186c906d30 Exception <a 'java/lang/NoSuchMethodError'{0x00000000eb3ea490}: 'java.lang.Object java.lang.invoke.DirectMethodHandle$Holder.newInvokeSpecial(java.lang.Object, java.lang.Object, java.lang.Object, java.lang.Object, java.lang.Object)'> (0x00000000eb3ea490) 
thrown [s\src\hotspot\share\interpreter\linkResolver.cpp, line 773]
Event: 3.105 Thread 0x000002186c906d30 Exception <a 'java/lang/NoSuchMethodError'{0x00000000eb4c89f8}: 'java.lang.Object java.lang.invoke.DirectMethodHandle$Holder.invokeSpecial(java.lang.Object, java.lang.Object, java.lang.Object, long, java.lang.Object)'> (0x00000000eb4c89f8) 
thrown [s\src\hotspot\share\interpreter\linkResolver.cpp, line 773]
Event: 3.106 Thread 0x000002186c906d30 Exception <a 'java/lang/NoSuchMethodError'{0x00000000eb4d0188}: 'java.lang.Object java.lang.invoke.DirectMethodHandle$Holder.newInvokeSpecial(java.lang.Object, java.lang.Object, java.lang.Object, long)'> (0x00000000eb4d0188) 
thrown [s\src\hotspot\share\interpreter\linkResolver.cpp, line 773]
Event: 3.106 Thread 0x000002186c906d30 Exception <a 'java/lang/NoSuchMethodError'{0x00000000eb4d3e08}: 'java.lang.Object java.lang.invoke.Invokers$Holder.linkToTargetMethod(java.lang.Object, java.lang.Object, long, java.lang.Object)'> (0x00000000eb4d3e08) 
thrown [s\src\hotspot\share\interpreter\linkResolver.cpp, line 773]
Event: 3.119 Thread 0x000002186c906d30 Exception <a 'java/lang/NoSuchMethodError'{0x00000000eb52b828}: 'int java.lang.invoke.DirectMethodHandle$Holder.invokeStaticInit(java.lang.Object, java.lang.Object, java.lang.Object)'> (0x00000000eb52b828) 
thrown [s\src\hotspot\share\interpreter\linkResolver.cpp, line 773]
Event: 3.135 Thread 0x000002186c906d30 Exception <a 'java/lang/IncompatibleClassChangeError'{0x00000000eb5cc878}: Found class java.lang.Object, but interface was expected> (0x00000000eb5cc878) 
thrown [s\src\hotspot\share\interpreter\linkResolver.cpp, line 840]
Event: 3.136 Thread 0x000002186c906d30 Exception <a 'java/lang/NoSuchMethodError'{0x00000000eb5d01d0}: 'java.lang.Object java.lang.invoke.DirectMethodHandle$Holder.invokeSpecial(java.lang.Object, java.lang.Object, java.lang.Object, int, java.lang.Object, java.lang.Object)'> (0x00000000eb5d01d0) 
thrown [s\src\hotspot\share\interpreter\linkResolver.cpp, line 773]
Event: 3.137 Thread 0x000002186c906d30 Exception <a 'java/lang/NoSuchMethodError'{0x00000000eb5d7a68}: 'java.lang.Object java.lang.invoke.DirectMethodHandle$Holder.newInvokeSpecial(java.lang.Object, java.lang.Object, java.lang.Object, int, java.lang.Object)'> (0x00000000eb5d7a68) 
thrown [s\src\hotspot\share\interpreter\linkResolver.cpp, line 773]
Event: 3.137 Thread 0x000002186c906d30 Exception <a 'java/lang/NoSuchMethodError'{0x00000000eb5db558}: 'java.lang.Object java.lang.invoke.Invokers$Holder.linkToTargetMethod(java.lang.Object, java.lang.Object, int, java.lang.Object, java.lang.Object)'> (0x00000000eb5db558) 
thrown [s\src\hotspot\share\interpreter\linkResolver.cpp, line 773]
Event: 3.138 Thread 0x000002186cbb4150 Exception <a 'java/lang/NoSuchMethodError'{0x00000000eb538cd0}: 'java.lang.Object java.lang.invoke.DirectMethodHandle$Holder.invokeSpecial(java.lang.Object, java.lang.Object, int, java.lang.Object, java.lang.Object)'> (0x00000000eb538cd0) 
thrown [s\src\hotspot\share\interpreter\linkResolver.cpp, line 773]
Event: 3.138 Thread 0x000002186cbb4150 Exception <a 'java/lang/NoSuchMethodError'{0x00000000eb53fa08}: 'java.lang.Object java.lang.invoke.DirectMethodHandle$Holder.newInvokeSpecial(java.lang.Object, java.lang.Object, int, java.lang.Object)'> (0x00000000eb53fa08) 
thrown [s\src\hotspot\share\interpreter\linkResolver.cpp, line 773]
Event: 3.161 Thread 0x000002186c906d30 Exception <a 'java/lang/NoSuchMethodError'{0x00000000eb71e1f0}: 'void java.lang.invoke.DirectMethodHandle$Holder.invokeSpecial(java.lang.Object, java.lang.Object, java.lang.Object, java.lang.Object, java.lang.Object)'> (0x00000000eb71e1f0) 
thrown [s\src\hotspot\share\interpreter\linkResolver.cpp, line 773]
Event: 3.203 Thread 0x000002186c906d30 Exception <a 'java/lang/NoSuchMethodError'{0x00000000eb918a40}: 'double java.lang.invoke.DirectMethodHandle$Holder.invokeStatic(java.lang.Object, java.lang.Object)'> (0x00000000eb918a40) 
thrown [s\src\hotspot\share\interpreter\linkResolver.cpp, line 773]
Event: 3.203 Thread 0x000002186c906d30 Exception <a 'java/lang/NoSuchMethodError'{0x00000000eb91c100}: 'double java.lang.invoke.DirectMethodHandle$Holder.invokeStaticInit(java.lang.Object, java.lang.Object)'> (0x00000000eb91c100) 
thrown [s\src\hotspot\share\interpreter\linkResolver.cpp, line 773]
Event: 3.577 Thread 0x000002186c906d30 Implicit null exception at 0x000002181a63ccf5 to 0x000002181a63cdd0

ZGC Phase Switch (0 events):
No events

VM Operations (20 events):
Event: 1.994 Executing VM operation: ParallelGCFailedAllocation (Allocation Failure)
Event: 2.000 Executing VM operation: ParallelGCFailedAllocation (Allocation Failure) done
Event: 2.081 Executing VM operation: HandshakeAllThreads (Deoptimize)
Event: 2.081 Executing VM operation: HandshakeAllThreads (Deoptimize) done
Event: 2.224 Executing VM operation: HandshakeAllThreads (Deoptimize)
Event: 2.224 Executing VM operation: HandshakeAllThreads (Deoptimize) done
Event: 2.653 Executing VM operation: HandshakeAllThreads (Deoptimize)
Event: 2.653 Executing VM operation: HandshakeAllThreads (Deoptimize) done
Event: 2.797 Executing VM operation: ParallelGCFailedAllocation (Allocation Failure)
Event: 2.801 Executing VM operation: ParallelGCFailedAllocation (Allocation Failure) done
Event: 2.955 Executing VM operation: HandshakeAllThreads (Deoptimize)
Event: 2.955 Executing VM operation: HandshakeAllThreads (Deoptimize) done
Event: 2.962 Executing VM operation: HandshakeAllThreads (Deoptimize)
Event: 2.962 Executing VM operation: HandshakeAllThreads (Deoptimize) done
Event: 2.984 Executing VM operation: HandshakeAllThreads (Deoptimize)
Event: 2.984 Executing VM operation: HandshakeAllThreads (Deoptimize) done
Event: 3.313 Executing VM operation: ParallelGCFailedAllocation (Allocation Failure)
Event: 3.317 Executing VM operation: ParallelGCFailedAllocation (Allocation Failure) done
Event: 3.656 Executing VM operation: ParallelGCFailedAllocation (Allocation Failure)
Event: 3.660 Executing VM operation: ParallelGCFailedAllocation (Allocation Failure) done

Memory protections (0 events):
No events

Nmethod flushes (0 events):
No events

Events (20 events):
Event: 0.076 Thread 0x000002180f7a84d0 Thread added: 0x000002186607fca0
Event: 0.077 Thread 0x000002180f7a84d0 Thread added: 0x00000218660823f0
Event: 0.077 Thread 0x000002180f7a84d0 Thread added: 0x00000218660952b0
Event: 0.100 Thread 0x000002180f7a84d0 Thread added: 0x00000218661686c0
Event: 0.109 Thread 0x00000218660952b0 Thread added: 0x000002186616c740
Event: 0.109 Thread 0x00000218660952b0 Thread added: 0x000002186616edf0
Event: 0.276 Thread 0x00000218660823f0 Thread added: 0x00000218663a2190
Event: 0.443 Thread 0x000002180f7a84d0 Thread added: 0x000002186c011620
Event: 1.067 Thread 0x00000218663a2190 Thread exited: 0x00000218663a2190
Event: 1.506 Thread 0x000002186616edf0 Thread added: 0x000002186c5028c0
Event: 1.765 Thread 0x000002180f7a84d0 Thread added: 0x000002186c62acf0
Event: 1.868 Thread 0x000002186616c740 Thread added: 0x000002186c9c7730
Event: 1.991 Thread 0x000002180f7a84d0 Thread added: 0x000002186c9066d0
Event: 1.994 Thread 0x000002180f7a84d0 Thread added: 0x000002186c906d30
Event: 2.041 Thread 0x000002186c906d30 Thread added: 0x000002186c5cd5f0
Event: 2.180 Thread 0x000002186c5028c0 Thread exited: 0x000002186c5028c0
Event: 2.209 Thread 0x000002186c906d30 Thread added: 0x000002186c502850
Event: 2.705 Thread 0x000002186c906d30 Thread added: 0x000002186ca1b490
Event: 3.112 Thread 0x000002186c906d30 Thread added: 0x000002186cbb4150
Event: 3.139 Thread 0x000002186c906d30 Thread added: 0x000002186cc290d0


Dynamic libraries:
0x00007ff75fc60000 - 0x00007ff75fc6e000 	c:\Users\86158\.cursor\extensions\redhat.java-1.42.0-win32-x64\jre\21.0.7-win32-x86_64\bin\java.exe
0x00007ff9bac50000 - 0x00007ff9bae67000 	C:\Windows\SYSTEM32\ntdll.dll
0x00007ff9b9d90000 - 0x00007ff9b9e54000 	C:\Windows\System32\KERNEL32.DLL
0x00007ff9b82f0000 - 0x00007ff9b86c2000 	C:\Windows\System32\KERNELBASE.dll
0x00007ff9b8790000 - 0x00007ff9b88a1000 	C:\Windows\System32\ucrtbase.dll
0x00007ff99f3a0000 - 0x00007ff99f3b8000 	c:\Users\86158\.cursor\extensions\redhat.java-1.42.0-win32-x64\jre\21.0.7-win32-x86_64\bin\jli.dll
0x00007ff9b88e0000 - 0x00007ff9b8a91000 	C:\Windows\System32\USER32.dll
0x00007ff9b88b0000 - 0x00007ff9b88d6000 	C:\Windows\System32\win32u.dll
0x00007ff9ba8c0000 - 0x00007ff9ba8e9000 	C:\Windows\System32\GDI32.dll
0x00007ff9b7f00000 - 0x00007ff9b8023000 	C:\Windows\System32\gdi32full.dll
0x00007ff9b8250000 - 0x00007ff9b82ea000 	C:\Windows\System32\msvcp_win.dll
0x00007ff99f3c0000 - 0x00007ff99f3de000 	c:\Users\86158\.cursor\extensions\redhat.java-1.42.0-win32-x64\jre\21.0.7-win32-x86_64\bin\VCRUNTIME140.dll
0x00007ff996690000 - 0x00007ff99692b000 	C:\Windows\WinSxS\amd64_microsoft.windows.common-controls_6595b64144ccf1df_6.0.22621.5413_none_270da5617387a498\COMCTL32.dll
0x00007ff9bab60000 - 0x00007ff9bac07000 	C:\Windows\System32\msvcrt.dll
0x00007ff9ba880000 - 0x00007ff9ba8b1000 	C:\Windows\System32\IMM32.DLL
0x00007ff9a4320000 - 0x00007ff9a432c000 	c:\Users\86158\.cursor\extensions\redhat.java-1.42.0-win32-x64\jre\21.0.7-win32-x86_64\bin\vcruntime140_1.dll
0x00007ff97d3e0000 - 0x00007ff97d46d000 	c:\Users\86158\.cursor\extensions\redhat.java-1.42.0-win32-x64\jre\21.0.7-win32-x86_64\bin\msvcp140.dll
0x00007ff92df20000 - 0x00007ff92ecb0000 	c:\Users\86158\.cursor\extensions\redhat.java-1.42.0-win32-x64\jre\21.0.7-win32-x86_64\bin\server\jvm.dll
0x00007ff9ba390000 - 0x00007ff9ba441000 	C:\Windows\System32\ADVAPI32.dll
0x00007ff9ba2e0000 - 0x00007ff9ba388000 	C:\Windows\System32\sechost.dll
0x00007ff9b8220000 - 0x00007ff9b8248000 	C:\Windows\System32\bcrypt.dll
0x00007ff9ba5a0000 - 0x00007ff9ba6b4000 	C:\Windows\System32\RPCRT4.dll
0x00007ff9ba4a0000 - 0x00007ff9ba511000 	C:\Windows\System32\WS2_32.dll
0x00007ff9b7a60000 - 0x00007ff9b7aad000 	C:\Windows\SYSTEM32\POWRPROF.dll
0x00007ff9b2820000 - 0x00007ff9b2854000 	C:\Windows\SYSTEM32\WINMM.dll
0x00007ff9ae700000 - 0x00007ff9ae70a000 	C:\Windows\SYSTEM32\VERSION.dll
0x00007ff9b7a40000 - 0x00007ff9b7a53000 	C:\Windows\SYSTEM32\UMPDC.dll
0x00007ff9b6d70000 - 0x00007ff9b6d88000 	C:\Windows\SYSTEM32\kernel.appcore.dll
0x00007ff9a4260000 - 0x00007ff9a426a000 	c:\Users\86158\.cursor\extensions\redhat.java-1.42.0-win32-x64\jre\21.0.7-win32-x86_64\bin\jimage.dll
0x00007ff9b54f0000 - 0x00007ff9b5722000 	C:\Windows\SYSTEM32\DBGHELP.DLL
0x00007ff9b8aa0000 - 0x00007ff9b8e33000 	C:\Windows\System32\combase.dll
0x00007ff9b8fc0000 - 0x00007ff9b9097000 	C:\Windows\System32\OLEAUT32.dll
0x00007ff9954c0000 - 0x00007ff9954f2000 	C:\Windows\SYSTEM32\dbgcore.DLL
0x00007ff9b7d40000 - 0x00007ff9b7dbb000 	C:\Windows\System32\bcryptPrimitives.dll
0x00007ff99fc40000 - 0x00007ff99fc4f000 	c:\Users\86158\.cursor\extensions\redhat.java-1.42.0-win32-x64\jre\21.0.7-win32-x86_64\bin\instrument.dll
0x00007ff99f310000 - 0x00007ff99f32f000 	c:\Users\86158\.cursor\extensions\redhat.java-1.42.0-win32-x64\jre\21.0.7-win32-x86_64\bin\java.dll
0x00007ff9b91e0000 - 0x00007ff9b9a82000 	C:\Windows\System32\SHELL32.dll
0x00007ff9b7dc0000 - 0x00007ff9b7eff000 	C:\Windows\System32\wintypes.dll
0x00007ff9b5c70000 - 0x00007ff9b658d000 	C:\Windows\SYSTEM32\windows.storage.dll
0x00007ff9ba770000 - 0x00007ff9ba87b000 	C:\Windows\System32\SHCORE.dll
0x00007ff9b8f50000 - 0x00007ff9b8fb9000 	C:\Windows\System32\shlwapi.dll
0x00007ff9b7c70000 - 0x00007ff9b7c9b000 	C:\Windows\SYSTEM32\profapi.dll
0x00007ff99e670000 - 0x00007ff99e688000 	c:\Users\86158\.cursor\extensions\redhat.java-1.42.0-win32-x64\jre\21.0.7-win32-x86_64\bin\zip.dll
0x00007ff9a3cf0000 - 0x00007ff9a3d00000 	C:\Users\86158\.cursor\extensions\redhat.java-1.42.0-win32-x64\jre\21.0.7-win32-x86_64\bin\net.dll
0x00007ff9b3940000 - 0x00007ff9b3a6c000 	C:\Windows\SYSTEM32\WINHTTP.dll
0x00007ff9b71f0000 - 0x00007ff9b7259000 	C:\Windows\system32\mswsock.dll
0x00007ff99e650000 - 0x00007ff99e666000 	C:\Users\86158\.cursor\extensions\redhat.java-1.42.0-win32-x64\jre\21.0.7-win32-x86_64\bin\nio.dll
0x00007ff99e1f0000 - 0x00007ff99e200000 	c:\Users\86158\.cursor\extensions\redhat.java-1.42.0-win32-x64\jre\21.0.7-win32-x86_64\bin\verify.dll
0x00007ff980e30000 - 0x00007ff980e75000 	C:\Users\86158\AppData\Roaming\Cursor\User\globalStorage\redhat.java\1.42.0\config_ss_win\org.eclipse.equinox.launcher\org.eclipse.equinox.launcher.win32.win32.x86_64_1.2.1300.v20250331-1702\eclipse_11911.dll
0x00007ff9b9bf0000 - 0x00007ff9b9d90000 	C:\Windows\System32\ole32.dll

dbghelp: loaded successfully - version: 4.0.5 - missing functions: none
symbol engine: initialized successfully - sym options: 0x614 - pdb path: .;c:\Users\86158\.cursor\extensions\redhat.java-1.42.0-win32-x64\jre\21.0.7-win32-x86_64\bin;C:\Windows\SYSTEM32;C:\Windows\WinSxS\amd64_microsoft.windows.common-controls_6595b64144ccf1df_6.0.22621.5413_none_270da5617387a498;c:\Users\86158\.cursor\extensions\redhat.java-1.42.0-win32-x64\jre\21.0.7-win32-x86_64\bin\server;C:\Users\86158\AppData\Roaming\Cursor\User\globalStorage\redhat.java\1.42.0\config_ss_win\org.eclipse.equinox.launcher\org.eclipse.equinox.launcher.win32.win32.x86_64_1.2.1300.v20250331-1702

VM Arguments:
jvm_args: -Dfile.encoding=UTF-8 --add-modules=ALL-SYSTEM --add-opens=java.base/java.util=ALL-UNNAMED --add-opens=java.base/java.lang=ALL-UNNAMED --add-opens=java.base/sun.nio.fs=ALL-UNNAMED -Declipse.application=org.eclipse.jdt.ls.core.id1 -Dosgi.bundles.defaultStartLevel=4 -Declipse.product=org.eclipse.jdt.ls.core.product -Djava.import.generatesMetadataFilesAtProjectRoot=false -DDetectVMInstallationsJob.disabled=true -Dfile.encoding=utf8 -XX:+UseParallelGC -XX:GCTimeRatio=4 -XX:AdaptiveSizePolicyWeight=90 -Dsun.zip.disableMemoryMapping=true -Xmx1G -Xms100m -Xlog:disable -javaagent:c:\Users\86158\.cursor\extensions\redhat.java-1.42.0-win32-x64\lombok\lombok-1.18.36.jar 
java_command: c:\Users\86158\.cursor\extensions\redhat.java-1.42.0-win32-x64\server\plugins\org.eclipse.equinox.launcher_1.7.0.v20250424-1814.jar -configuration c:\Users\86158\AppData\Roaming\Cursor\User\globalStorage\redhat.java\1.42.0\config_ss_win -data c:\Users\86158\AppData\Roaming\Cursor\User\workspaceStorage\a3e28cb7173b86e8b83b92aefa018547\redhat.java\ss_ws --pipe=\\.\pipe\lsp-e728499f5f32f6275b0195ca22c82c91-sock
java_class_path (initial): c:\Users\86158\.cursor\extensions\redhat.java-1.42.0-win32-x64\server\plugins\org.eclipse.equinox.launcher_1.7.0.v20250424-1814.jar
Launcher Type: SUN_STANDARD

[Global flags]
    uintx AdaptiveSizePolicyWeight                 = 90                                        {product} {command line}
     intx CICompilerCount                          = 12                                        {product} {ergonomic}
    uintx GCTimeRatio                              = 4                                         {product} {command line}
   size_t InitialHeapSize                          = 104857600                                 {product} {command line}
   size_t MaxHeapSize                              = 1073741824                                {product} {command line}
   size_t MaxNewSize                               = 357564416                                 {product} {ergonomic}
   size_t MinHeapDeltaBytes                        = 524288                                    {product} {ergonomic}
   size_t MinHeapSize                              = 104857600                                 {product} {command line}
   size_t NewSize                                  = 34603008                                  {product} {ergonomic}
    uintx NonNMethodCodeHeapSize                   = 7602480                                {pd product} {ergonomic}
    uintx NonProfiledCodeHeapSize                  = 122027880                              {pd product} {ergonomic}
   size_t OldSize                                  = 70254592                                  {product} {ergonomic}
    uintx ProfiledCodeHeapSize                     = 122027880                              {pd product} {ergonomic}
    uintx ReservedCodeCacheSize                    = 251658240                              {pd product} {ergonomic}
     bool SegmentedCodeCache                       = true                                      {product} {ergonomic}
   size_t SoftMaxHeapSize                          = 1073741824                             {manageable} {ergonomic}
     bool UseCompressedOops                        = true                           {product lp64_product} {ergonomic}
     bool UseLargePagesIndividualAllocation        = false                                  {pd product} {ergonomic}
     bool UseParallelGC                            = true                                      {product} {command line}

Logging:
Log output configuration:
 #0: stdout all=off uptime,level,tags foldmultilines=false
 #1: stderr all=off uptime,level,tags foldmultilines=false

Environment Variables:
JAVA_HOME=C:\Program Files\Microsoft\jdk-17.0.15.6-hotspot\
JAVA_TOOL_OPTIONS=-Dfile.encoding=UTF-8
PATH=C:\Program Files\Microsoft\jdk-17.0.15.6-hotspot\bin;C:\Program Files (x86)\VMware\VMware Workstation\bin\;C:\Program Files (x86)\Razer\ChromaBroadcast\bin;C:\Program Files\Razer\ChromaBroadcast\bin;C:\Windows\system32;C:\Windows;C:\Windows\System32\Wbem;C:\Windows\System32\WindowsPowerShell\v1.0\;C:\Windows\System32\OpenSSH\;C:\Windows\system32\config\systemprofile\AppData\Local\Microsoft\WindowsApps;C:\Program Files\dotnet\;C:\Program Files (x86)\Windows Kits\8.1\Windows Performance Toolkit\;C:\TDM-GCC-64\bin;D:\MATLAB\R2018a\runtime\win64;D:\MATLAB\R2018a\bin;D:\tdm\bin;D:\Bandizip;D:\2016\runtime\win64;D:\2016\bin;D:\AndroidZhenSdk\platform-tools;D:\AndroidZhenSdk\tools;d:\cursor\resources\app\bin;D:\nodejs\;C:\Program Files\Git\cmd;C:\Program Files\Microsoft\jdk-17.0.15.6-hotspot\bin;C:\Program Files (x86)\VMware\VMware Workstation\bin\;C:\Program Files (x86)\Razer\ChromaBroadcast\bin;C:\Program Files\Razer\ChromaBroadcast\bin;C:\Windows\system32;C:\Windows;C:\Windows\System32\Wbem;C:\Windows\System32\WindowsPowerShell\v1.0\;C:\Windows\System32\OpenSSH\;C:\Windows\system32\config\systemprofile\AppData\Local\Microsoft\WindowsApps;C:\Program Files\dotnet\;C:\Program Files (x86)\Windows Kits\8.1\Windows Performance Toolkit\;C:\TDM-GCC-64\bin;D:\MATLAB\R2018a\runtime\win64;D:\MATLAB\R2018a\bin;D:\tdm\bin;D:\Bandizip;D:\2016\runtime\win64;D:\2016\bin;D:\AndroidZhenSdk\platform-tools;D:\AndroidZhenSdk\tools;d:\cursor\resources\app\bin;D:\nodejs\;C:\Program Files\Git\cmd;C:\Users\86158\AppData\Local\Packages\PythonSoftwareFoundation.Python.3.12_qbz5n2kfra8p0\LocalCache\local-packages\Python312\Scripts
USERNAME=86158
OS=Windows_NT
PROCESSOR_IDENTIFIER=AMD64 Family 25 Model 68 Stepping 1, AuthenticAMD
TMP=C:\Users\86158\AppData\Local\Temp
TEMP=C:\Users\86158\AppData\Local\Temp




Periodic native trim disabled

---------------  S Y S T E M  ---------------

OS:
 Windows 11 , 64 bit Build 22621 (10.0.22621.5413)
OS uptime: 3 days 10:02 hours

CPU: total 16 (initial active 16) (16 cores per cpu, 2 threads per core) family 25 model 68 stepping 1 microcode 0x0, cx8, cmov, fxsr, ht, mmx, 3dnowpref, sse, sse2, sse3, ssse3, sse4a, sse4.1, sse4.2, popcnt, lzcnt, tsc, tscinvbit, avx, avx2, aes, erms, clmul, bmi1, bmi2, adx, sha, fma, vzeroupper, clflush, clflushopt, rdtscp, rdpid, fsrm, f16c, pku, cet_ss
Processor Information for the first 16 processors :
  Max Mhz: 3201, Current Mhz: 3201, Mhz Limit: 3201

Memory: 4k page, system-wide physical 14020M (335M free)
TotalPageFile size 49184M (AvailPageFile size 52M)
current process WorkingSet (physical memory assigned to process): 129M, peak: 132M
current process commit charge ("private bytes"): 253M, peak: 256M

vm_info: OpenJDK 64-Bit Server VM (21.0.7+6-LTS) for windows-amd64 JRE (21.0.7+6-LTS), built on 2025-04-15T00:00:00Z by "admin" with MS VC++ 17.7 (VS2022)

END.
